#
# There is insufficient memory for the Java Runtime Environment to continue.
# Native memory allocation (malloc) failed to allocate 1215376 bytes for Chunk::new
# Possible reasons:
#   The system is out of physical RAM or swap space
#   The process is running with CompressedOops enabled, and the Java Heap may be blocking the growth of the native heap
# Possible solutions:
#   Reduce memory load on the system
#   Increase physical memory or swap space
#   Check if swap backing store is full
#   Decrease Java heap size (-Xmx/-Xms)
#   Decrease number of Java threads
#   Decrease Java thread stack sizes (-Xss)
#   Set larger code cache with -XX:ReservedCodeCacheSize=
#   JVM is running with Unscaled Compressed Oops mode in which the Java heap is
#     placed in the first 4GB address space. The Java Heap base address is the
#     maximum limit for the native heap growth. Please use -XX:HeapBaseMinAddress
#     to set the Java Heap base and to place the Java Heap above 4GB virtual address.
# This output file may be truncated or incomplete.
#
#  Out of Memory Error (allocation.cpp:389), pid=20860, tid=0x0000000000004d0c
#
# JRE version: OpenJDK Runtime Environment (8.0_242-b01) (build 1.8.0_242-release-1644-b01)
# Java VM: OpenJDK 64-Bit Server VM (25.242-b01 mixed mode windows-amd64 compressed oops)
# Failed to write core dump. Minidumps are not enabled by default on client versions of Windows
#

---------------  T H R E A D  ---------------

Current thread (0x0000000019a13800):  JavaThread "C2 CompilerThread2" daemon [_thread_in_native, id=19724, stack(0x000000001b250000,0x000000001b350000)]

Stack: [0x000000001b250000,0x000000001b350000]
[error occurred during error reporting (printing stack bounds), id 0xc0000005]

Native frames: (J=compiled Java code, j=interpreted, Vv=VM code, C=native code)


Current CompileTask:
C2:  29658 16842       4       com.android.tools.r8.graph.d0::a (69 bytes)


---------------  P R O C E S S  ---------------

Java Threads: ( => current thread )
  0x0000000022d38800 JavaThread "ForkJoinPool-2-worker-3" daemon [_thread_blocked, id=16376, stack(0x0000000038850000,0x0000000038950000)]
  0x0000000022d3a800 JavaThread "ForkJoinPool-2-worker-12" daemon [_thread_blocked, id=1736, stack(0x0000000038750000,0x0000000038850000)]
  0x0000000022d3b800 JavaThread "ForkJoinPool-2-worker-10" daemon [_thread_blocked, id=2784, stack(0x0000000038650000,0x0000000038750000)]
  0x0000000022d32800 JavaThread "ForkJoinPool-2-worker-1" daemon [_thread_blocked, id=10056, stack(0x0000000038550000,0x0000000038650000)]
  0x0000000022d31800 JavaThread "ForkJoinPool-2-worker-8" daemon [_thread_blocked, id=1244, stack(0x0000000038450000,0x0000000038550000)]
  0x0000000022d34000 JavaThread "ForkJoinPool-2-worker-15" daemon [_thread_blocked, id=22588, stack(0x0000000038350000,0x0000000038450000)]
  0x0000000022d33000 JavaThread "ForkJoinPool-2-worker-6" daemon [_thread_blocked, id=19260, stack(0x0000000038250000,0x0000000038350000)]
  0x0000000022d34800 JavaThread "ForkJoinPool-2-worker-13" daemon [_thread_blocked, id=23672, stack(0x0000000038150000,0x0000000038250000)]
  0x000000002003f800 JavaThread "ForkJoinPool-2-worker-4" daemon [_thread_blocked, id=15272, stack(0x0000000038050000,0x0000000038150000)]
  0x000000002212f000 JavaThread "ForkJoinPool-2-worker-11" daemon [_thread_blocked, id=9396, stack(0x0000000037f50000,0x0000000038050000)]
  0x000000002212e800 JavaThread "ForkJoinPool-2-worker-2" daemon [_thread_blocked, id=2384, stack(0x0000000037e50000,0x0000000037f50000)]
  0x000000002212d800 JavaThread "ForkJoinPool-2-worker-9" daemon [_thread_blocked, id=13284, stack(0x0000000034080000,0x0000000034180000)]
  0x0000000022124800 JavaThread "ForkJoinPool-1-worker-1" daemon [_thread_blocked, id=14200, stack(0x0000000035a80000,0x0000000035b80000)]
  0x000000002212b800 JavaThread "ForkJoinPool-1-worker-12" daemon [_thread_blocked, id=17988, stack(0x0000000035980000,0x0000000035a80000)]
  0x0000000022128800 JavaThread "ForkJoinPool-1-worker-3" daemon [_thread_blocked, id=20088, stack(0x0000000035880000,0x0000000035980000)]
  0x000000002212a800 JavaThread "ForkJoinPool-1-worker-10" daemon [_thread_blocked, id=21092, stack(0x0000000035780000,0x0000000035880000)]
  0x000000002212a000 JavaThread "ForkJoinPool-1-worker-8" daemon [_thread_blocked, id=19488, stack(0x0000000035680000,0x0000000035780000)]
  0x0000000022122800 JavaThread "ForkJoinPool-1-worker-15" daemon [_thread_blocked, id=11836, stack(0x0000000035580000,0x0000000035680000)]
  0x0000000022129000 JavaThread "ForkJoinPool-1-worker-6" daemon [_thread_blocked, id=1304, stack(0x0000000035480000,0x0000000035580000)]
  0x0000000022127800 JavaThread "ForkJoinPool-1-worker-13" daemon [_thread_blocked, id=6680, stack(0x0000000035380000,0x0000000035480000)]
  0x0000000022127000 JavaThread "ForkJoinPool-1-worker-4" daemon [_thread_blocked, id=2152, stack(0x0000000035280000,0x0000000035380000)]
  0x0000000022125800 JavaThread "ForkJoinPool-1-worker-11" daemon [_thread_blocked, id=19152, stack(0x0000000035180000,0x0000000035280000)]
  0x0000000022121800 JavaThread "ForkJoinPool-1-worker-2" daemon [_thread_blocked, id=19560, stack(0x0000000035080000,0x0000000035180000)]
  0x0000000022124000 JavaThread "ForkJoinPool-1-worker-9" daemon [_thread_blocked, id=3632, stack(0x0000000033d30000,0x0000000033e30000)]
  0x0000000022120000 JavaThread "WorkerExecutor Queue Thread 13" [_thread_blocked, id=19764, stack(0x0000000034780000,0x0000000034880000)]
  0x0000000022123000 JavaThread "WorkerExecutor Queue Thread 12" [_thread_blocked, id=19728, stack(0x0000000034680000,0x0000000034780000)]
  0x000000002211b800 JavaThread "WorkerExecutor Queue Thread 11" [_thread_blocked, id=13660, stack(0x0000000034580000,0x0000000034680000)]
  0x000000002211e000 JavaThread "WorkerExecutor Queue Thread 10" [_thread_blocked, id=23704, stack(0x0000000034480000,0x0000000034580000)]
  0x000000002211a000 JavaThread "WorkerExecutor Queue Thread 9" [_thread_in_Java, id=16128, stack(0x0000000034380000,0x0000000034480000)]
  0x0000000022121000 JavaThread "WorkerExecutor Queue Thread 8" [_thread_blocked, id=8028, stack(0x0000000034280000,0x0000000034380000)]
  0x000000002211e800 JavaThread "WorkerExecutor Queue Thread 7" [_thread_blocked, id=1740, stack(0x0000000034180000,0x0000000034280000)]
  0x000000002211f800 JavaThread "WorkerExecutor Queue Thread 5" [_thread_blocked, id=2484, stack(0x0000000033f80000,0x0000000034080000)]
  0x000000002211b000 JavaThread "WorkerExecutor Queue Thread 4" [_thread_blocked, id=5024, stack(0x0000000033e80000,0x0000000033f80000)]
  0x000000002211d000 JavaThread "WorkerExecutor Queue Thread 3" [_thread_blocked, id=21772, stack(0x00000000333b0000,0x00000000334b0000)]
  0x0000000022112800 JavaThread "ForkJoinPool.commonPool-worker-6" daemon [_thread_blocked, id=21900, stack(0x00000000339d0000,0x0000000033ad0000)]
  0x0000000022111800 JavaThread "ForkJoinPool.commonPool-worker-13" daemon [_thread_blocked, id=20920, stack(0x00000000338d0000,0x00000000339d0000)]
  0x0000000022118800 JavaThread "ForkJoinPool.commonPool-worker-4" daemon [_thread_blocked, id=11616, stack(0x00000000337d0000,0x00000000338d0000)]
  0x0000000022118000 JavaThread "ForkJoinPool.commonPool-worker-11" daemon [_thread_blocked, id=24444, stack(0x00000000336d0000,0x00000000337d0000)]
  0x0000000022117000 JavaThread "ForkJoinPool.commonPool-worker-2" daemon [_thread_blocked, id=21104, stack(0x00000000335d0000,0x00000000336d0000)]
  0x0000000022115800 JavaThread "ForkJoinPool.commonPool-worker-9" daemon [_thread_blocked, id=7900, stack(0x00000000334d0000,0x00000000335d0000)]
  0x0000000022115000 JavaThread "WorkerExecutor Queue Thread 2" [_thread_in_Java, id=10776, stack(0x0000000032050000,0x0000000032150000)]
  0x0000000022116800 JavaThread "WorkerExecutor Queue" [_thread_blocked, id=9104, stack(0x00000000330b0000,0x00000000331b0000)]
  0x000000002003d000 JavaThread "Cache worker for Java compile cache (D:\Document\Bangkit\Capstone Project\bangkit-capstone-project\.gradle\6.5\javaCompile)" [_thread_blocked, id=18172, stack(0x00000000329b0000,0x0000000032ab0000)]
  0x000000002003e800 JavaThread "Cache worker for Java compile cache (C:\Users\Briliantino\.gradle\caches\6.5\javaCompile)" [_thread_blocked, id=24440, stack(0x00000000328b0000,0x00000000329b0000)]
  0x000000002003c000 JavaThread "RMI TCP Connection(1)-127.0.0.1" daemon [_thread_in_native, id=18500, stack(0x00000000325b0000,0x00000000326b0000)]
  0x0000000020034800 JavaThread "RMI Reaper" [_thread_blocked, id=21924, stack(0x00000000324b0000,0x00000000325b0000)]
  0x000000002003a800 JavaThread "RMI TCP Accept-0" daemon [_thread_in_native, id=14052, stack(0x0000000031e30000,0x0000000031f30000)]
  0x000000002003a000 JavaThread "GC Daemon" daemon [_thread_blocked, id=22096, stack(0x00000000323b0000,0x00000000324b0000)]
  0x0000000020039000 JavaThread "RMI Scheduler(0)" daemon [_thread_blocked, id=22356, stack(0x0000000031f50000,0x0000000032050000)]
  0x0000000020031000 JavaThread "Cache worker for execution history cache (D:\Document\Bangkit\Capstone Project\bangkit-capstone-project\.gradle\6.5\executionHistory)" [_thread_blocked, id=4080, stack(0x0000000031230000,0x0000000031330000)]
  0x0000000020034000 JavaThread "Execution worker for ':' Thread 11" [_thread_blocked, id=24180, stack(0x0000000031130000,0x0000000031230000)]
  0x0000000020033000 JavaThread "Execution worker for ':' Thread 10" [_thread_blocked, id=24360, stack(0x0000000031030000,0x0000000031130000)]
  0x0000000020032800 JavaThread "Execution worker for ':' Thread 9" [_thread_blocked, id=21916, stack(0x0000000030f30000,0x0000000031030000)]
  0x0000000020031800 JavaThread "Execution worker for ':' Thread 8" [_thread_blocked, id=24292, stack(0x0000000030e30000,0x0000000030f30000)]
  0x0000000020035800 JavaThread "Execution worker for ':' Thread 7" [_thread_blocked, id=20456, stack(0x0000000030d30000,0x0000000030e30000)]
  0x0000000023aac800 JavaThread "Execution worker for ':' Thread 6" [_thread_blocked, id=22984, stack(0x0000000030c30000,0x0000000030d30000)]
  0x0000000023aa9800 JavaThread "Execution worker for ':' Thread 5" [_thread_blocked, id=16692, stack(0x0000000030b30000,0x0000000030c30000)]
  0x0000000023aa8000 JavaThread "Execution worker for ':' Thread 4" [_thread_blocked, id=20340, stack(0x0000000030a30000,0x0000000030b30000)]
  0x0000000023aa7800 JavaThread "Execution worker for ':' Thread 3" [_thread_blocked, id=8100, stack(0x0000000030930000,0x0000000030a30000)]
  0x0000000023aab000 JavaThread "Execution worker for ':' Thread 2" [_thread_blocked, id=13324, stack(0x0000000030620000,0x0000000030720000)]
  0x0000000023aa5000 JavaThread "Execution worker for ':'" [_thread_blocked, id=23648, stack(0x00000000301f0000,0x00000000302f0000)]
  0x0000000023aa9000 JavaThread "Cache worker for file content cache (D:\Document\Bangkit\Capstone Project\bangkit-capstone-project\.gradle\6.5\fileContent)" [_thread_blocked, id=1708, stack(0x0000000030320000,0x0000000030420000)]
  0x0000000023aac000 JavaThread "Memory manager" [_thread_blocked, id=18404, stack(0x000000002fa70000,0x000000002fb70000)]
  0x0000000023aaa800 JavaThread "pool-1-thread-1" [_thread_blocked, id=17616, stack(0x000000002dda0000,0x000000002dea0000)]
  0x0000000023aa6000 JavaThread "Cache worker for Build Output Cleanup Cache (D:\Document\Bangkit\Capstone Project\bangkit-capstone-project\.gradle\buildOutputCleanup)" [_thread_blocked, id=24104, stack(0x0000000026c10000,0x0000000026d10000)]
  0x0000000023a9d800 JavaThread "jar transforms Thread 121" [_thread_blocked, id=1732, stack(0x00000000262e0000,0x00000000263e0000)]
  0x0000000023aa4800 JavaThread "jar transforms Thread 120" [_thread_blocked, id=17256, stack(0x00000000261e0000,0x00000000262e0000)]
  0x0000000023aa3800 JavaThread "jar transforms Thread 119" [_thread_blocked, id=17400, stack(0x000000002d8a0000,0x000000002d9a0000)]
  0x0000000023aa3000 JavaThread "jar transforms Thread 118" [_thread_blocked, id=14128, stack(0x000000002d7a0000,0x000000002d8a0000)]
  0x0000000023aa2000 JavaThread "jar transforms Thread 117" [_thread_blocked, id=19816, stack(0x000000002d6a0000,0x000000002d7a0000)]
  0x0000000023aa1800 JavaThread "jar transforms Thread 116" [_thread_blocked, id=19028, stack(0x000000002d5a0000,0x000000002d6a0000)]
  0x0000000023aa0800 JavaThread "jar transforms Thread 115" [_thread_blocked, id=24168, stack(0x000000002d4a0000,0x000000002d5a0000)]
  0x0000000023aa0000 JavaThread "jar transforms Thread 114" [_thread_blocked, id=18612, stack(0x000000002d3a0000,0x000000002d4a0000)]
  0x0000000023a9f000 JavaThread "jar transforms Thread 113" [_thread_blocked, id=10060, stack(0x000000002d2a0000,0x000000002d3a0000)]
  0x0000000023a9e800 JavaThread "jar transforms Thread 112" [_thread_blocked, id=2596, stack(0x000000002d1a0000,0x000000002d2a0000)]
  0x000000001d6b1800 JavaThread "jar transforms Thread 111" [_thread_blocked, id=7116, stack(0x000000002d0a0000,0x000000002d1a0000)]
  0x000000001d6b0800 JavaThread "jar transforms Thread 110" [_thread_blocked, id=2148, stack(0x000000002cfa0000,0x000000002d0a0000)]
  0x000000001d6af000 JavaThread "jar transforms Thread 109" [_thread_blocked, id=9308, stack(0x000000002cea0000,0x000000002cfa0000)]
  0x000000001d6ae800 JavaThread "jar transforms Thread 108" [_thread_blocked, id=11824, stack(0x000000002cda0000,0x000000002cea0000)]
  0x000000001d6ab800 JavaThread "jar transforms Thread 107" [_thread_blocked, id=20556, stack(0x000000002cca0000,0x000000002cda0000)]
  0x000000001d6b0000 JavaThread "jar transforms Thread 106" [_thread_blocked, id=21496, stack(0x000000002cba0000,0x000000002cca0000)]
  0x000000001d6ad000 JavaThread "jar transforms Thread 105" [_thread_blocked, id=1952, stack(0x000000002caa0000,0x000000002cba0000)]
  0x000000001d6ad800 JavaThread "jar transforms Thread 104" [_thread_blocked, id=16612, stack(0x000000002c9a0000,0x000000002caa0000)]
  0x000000001d6b2000 JavaThread "jar transforms Thread 103" [_thread_blocked, id=328, stack(0x000000002c8a0000,0x000000002c9a0000)]
  0x000000001d6ac000 JavaThread "jar transforms Thread 102" [_thread_blocked, id=20264, stack(0x000000002c7a0000,0x000000002c8a0000)]
  0x000000001d6a4000 JavaThread "jar transforms Thread 101" [_thread_blocked, id=1120, stack(0x000000002c6a0000,0x000000002c7a0000)]
  0x000000001d6a9000 JavaThread "jar transforms Thread 100" [_thread_blocked, id=8404, stack(0x000000002c5a0000,0x000000002c6a0000)]
  0x000000001d6aa800 JavaThread "jar transforms Thread 99" [_thread_blocked, id=18588, stack(0x000000002c4a0000,0x000000002c5a0000)]
  0x000000001d6a5800 JavaThread "jar transforms Thread 98" [_thread_blocked, id=12364, stack(0x000000002c2a0000,0x000000002c3a0000)]
  0x000000001d6a7000 JavaThread "jar transforms Thread 97" [_thread_blocked, id=18956, stack(0x000000002c1a0000,0x000000002c2a0000)]
  0x000000001d6a8800 JavaThread "jar transforms Thread 96" [_thread_blocked, id=22348, stack(0x000000002c0a0000,0x000000002c1a0000)]
  0x000000001d6a4800 JavaThread "jar transforms Thread 95" [_thread_blocked, id=21168, stack(0x000000002bfa0000,0x000000002c0a0000)]
  0x000000001d6a6000 JavaThread "jar transforms Thread 94" [_thread_blocked, id=4300, stack(0x000000002bea0000,0x000000002bfa0000)]
  0x000000001d6a3000 JavaThread "jar transforms Thread 93" [_thread_blocked, id=9780, stack(0x000000002bda0000,0x000000002bea0000)]
  0x000000001d6a7800 JavaThread "jar transforms Thread 92" [_thread_blocked, id=1036, stack(0x000000002bca0000,0x000000002bda0000)]
  0x000000001d6aa000 JavaThread "jar transforms Thread 91" [_thread_blocked, id=10136, stack(0x000000002bba0000,0x000000002bca0000)]
  0x0000000023ac9800 JavaThread "jar transforms Thread 90" [_thread_blocked, id=7908, stack(0x000000002baa0000,0x000000002bba0000)]
  0x0000000023ac8000 JavaThread "jar transforms Thread 89" [_thread_blocked, id=23768, stack(0x000000002b9a0000,0x000000002baa0000)]
  0x0000000023ac7800 JavaThread "jar transforms Thread 88" [_thread_blocked, id=18860, stack(0x000000002b8a0000,0x000000002b9a0000)]
  0x0000000023acc800 JavaThread "jar transforms Thread 87" [_thread_blocked, id=18856, stack(0x000000002b7a0000,0x000000002b8a0000)]
  0x0000000023ac6800 JavaThread "jar transforms Thread 86" [_thread_blocked, id=6760, stack(0x000000002b6a0000,0x000000002b7a0000)]
  0x0000000023ac5000 JavaThread "jar transforms Thread 85" [_thread_blocked, id=23476, stack(0x000000002b5a0000,0x000000002b6a0000)]
  0x0000000023aca800 JavaThread "jar transforms Thread 84" [_thread_blocked, id=12496, stack(0x000000002b4a0000,0x000000002b5a0000)]
  0x0000000023acc000 JavaThread "jar transforms Thread 83" [_thread_blocked, id=512, stack(0x000000002b3a0000,0x000000002b4a0000)]
  0x0000000023ac9000 JavaThread "jar transforms Thread 82" [_thread_blocked, id=4312, stack(0x000000002b2a0000,0x000000002b3a0000)]
  0x0000000023ac6000 JavaThread "jar transforms Thread 81" [_thread_blocked, id=3412, stack(0x000000002b1a0000,0x000000002b2a0000)]
  0x0000000023acb000 JavaThread "jar transforms Thread 80" [_thread_blocked, id=12760, stack(0x000000002b0a0000,0x000000002b1a0000)]
  0x0000000023abd800 JavaThread "jar transforms Thread 79" [_thread_blocked, id=18640, stack(0x000000002afa0000,0x000000002b0a0000)]
  0x0000000023ac3000 JavaThread "jar transforms Thread 78" [_thread_blocked, id=15464, stack(0x000000002aea0000,0x000000002afa0000)]
  0x0000000023ac3800 JavaThread "jar transforms Thread 77" [_thread_blocked, id=13372, stack(0x000000002ada0000,0x000000002aea0000)]
  0x0000000023ac2000 JavaThread "jar transforms Thread 76" [_thread_blocked, id=2156, stack(0x000000002aca0000,0x000000002ada0000)]
  0x0000000023ac0800 JavaThread "jar transforms Thread 75" [_thread_blocked, id=2204, stack(0x000000002aba0000,0x000000002aca0000)]
  0x0000000023ac4800 JavaThread "jar transforms Thread 74" [_thread_blocked, id=4520, stack(0x000000002aaa0000,0x000000002aba0000)]
  0x0000000023abf000 JavaThread "jar transforms Thread 73" [_thread_blocked, id=21696, stack(0x000000002a9a0000,0x000000002aaa0000)]
  0x0000000023abe800 JavaThread "jar transforms Thread 72" [_thread_blocked, id=22896, stack(0x000000002a8a0000,0x000000002a9a0000)]
  0x0000000023ac0000 JavaThread "jar transforms Thread 71" [_thread_blocked, id=20168, stack(0x000000002a7a0000,0x000000002a8a0000)]
  0x0000000023ac1800 JavaThread "jar transforms Thread 70" [_thread_blocked, id=24280, stack(0x000000002a6a0000,0x000000002a7a0000)]
  0x0000000023aba800 JavaThread "jar transforms Thread 69" [_thread_blocked, id=6392, stack(0x000000002a5a0000,0x000000002a6a0000)]
  0x0000000023ab6800 JavaThread "jar transforms Thread 68" [_thread_blocked, id=600, stack(0x000000002a4a0000,0x000000002a5a0000)]
  0x0000000023ab9800 JavaThread "jar transforms Thread 67" [_thread_blocked, id=18224, stack(0x000000002a3a0000,0x000000002a4a0000)]
  0x0000000023ab8000 JavaThread "jar transforms Thread 66" [_thread_blocked, id=21488, stack(0x000000002a2a0000,0x000000002a3a0000)]
  0x0000000023ab9000 JavaThread "jar transforms Thread 65" [_thread_blocked, id=15056, stack(0x000000002a1a0000,0x000000002a2a0000)]
  0x0000000023abc800 JavaThread "jar transforms Thread 64" [_thread_blocked, id=13544, stack(0x000000002a0a0000,0x000000002a1a0000)]
  0x0000000023ab7800 JavaThread "jar transforms Thread 63" [_thread_blocked, id=16708, stack(0x0000000029fa0000,0x000000002a0a0000)]
  0x0000000023abb000 JavaThread "jar transforms Thread 62" [_thread_blocked, id=13360, stack(0x0000000029ea0000,0x0000000029fa0000)]
  0x0000000023abc000 JavaThread "jar transforms Thread 61" [_thread_blocked, id=1656, stack(0x0000000029da0000,0x0000000029ea0000)]
  0x0000000023aaf000 JavaThread "jar transforms Thread 60" [_thread_blocked, id=9872, stack(0x0000000029ca0000,0x0000000029da0000)]
  0x0000000023ab6000 JavaThread "jar transforms Thread 59" [_thread_blocked, id=18524, stack(0x0000000029ba0000,0x0000000029ca0000)]
  0x0000000023ab0000 JavaThread "jar transforms Thread 58" [_thread_blocked, id=12708, stack(0x0000000029aa0000,0x0000000029ba0000)]
  0x0000000023ab5000 JavaThread "jar transforms Thread 57" [_thread_blocked, id=21112, stack(0x00000000299a0000,0x0000000029aa0000)]
  0x0000000023ab1800 JavaThread "jar transforms Thread 56" [_thread_blocked, id=14620, stack(0x00000000298a0000,0x00000000299a0000)]
  0x0000000023ab0800 JavaThread "jar transforms Thread 55" [_thread_blocked, id=17976, stack(0x00000000297a0000,0x00000000298a0000)]
  0x0000000023aad800 JavaThread "jar transforms Thread 54" [_thread_blocked, id=17656, stack(0x00000000296a0000,0x00000000297a0000)]
  0x0000000023ab4800 JavaThread "jar transforms Thread 53" [_thread_blocked, id=4672, stack(0x00000000295a0000,0x00000000296a0000)]
  0x0000000023ab2000 JavaThread "jar transforms Thread 52" [_thread_blocked, id=19776, stack(0x00000000294a0000,0x00000000295a0000)]
  0x0000000023ab3000 JavaThread "jar transforms Thread 51" [_thread_blocked, id=16752, stack(0x00000000293a0000,0x00000000294a0000)]
  0x0000000023aae800 JavaThread "jar transforms Thread 50" [_thread_blocked, id=14600, stack(0x00000000292a0000,0x00000000293a0000)]
  0x0000000023ab3800 JavaThread "jar transforms Thread 49" [_thread_blocked, id=9412, stack(0x00000000291a0000,0x00000000292a0000)]
  0x0000000022fc9000 JavaThread "jar transforms Thread 48" [_thread_blocked, id=24288, stack(0x00000000290a0000,0x00000000291a0000)]
  0x0000000022fc7800 JavaThread "jar transforms Thread 47" [_thread_blocked, id=13500, stack(0x0000000028fa0000,0x00000000290a0000)]
  0x0000000022fc8800 JavaThread "jar transforms Thread 46" [_thread_blocked, id=11288, stack(0x0000000028ea0000,0x0000000028fa0000)]
  0x0000000022fca000 JavaThread "jar transforms Thread 45" [_thread_blocked, id=12120, stack(0x0000000028da0000,0x0000000028ea0000)]
  0x0000000022fcb800 JavaThread "jar transforms Thread 44" [_thread_blocked, id=8744, stack(0x0000000028ca0000,0x0000000028da0000)]
  0x0000000022fca800 JavaThread "jar transforms Thread 43" [_thread_blocked, id=21636, stack(0x0000000028ba0000,0x0000000028ca0000)]
  0x0000000022fc0000 JavaThread "jar transforms Thread 42" [_thread_blocked, id=10852, stack(0x0000000028aa0000,0x0000000028ba0000)]
  0x0000000022fc7000 JavaThread "jar transforms Thread 41" [_thread_blocked, id=10488, stack(0x00000000289a0000,0x0000000028aa0000)]
  0x0000000022fbf800 JavaThread "jar transforms Thread 40" [_thread_blocked, id=11028, stack(0x00000000288a0000,0x00000000289a0000)]
  0x0000000022fc6000 JavaThread "jar transforms Thread 39" [_thread_blocked, id=13688, stack(0x00000000287a0000,0x00000000288a0000)]
  0x0000000022fbe800 JavaThread "jar transforms Thread 38" [_thread_blocked, id=15164, stack(0x00000000286a0000,0x00000000287a0000)]
  0x0000000022fc5800 JavaThread "jar transforms Thread 37" [_thread_blocked, id=14904, stack(0x00000000285a0000,0x00000000286a0000)]
  0x0000000022fc4000 JavaThread "jar transforms Thread 36" [_thread_blocked, id=19920, stack(0x00000000284a0000,0x00000000285a0000)]
  0x0000000022fc4800 JavaThread "jar transforms Thread 35" [_thread_blocked, id=14208, stack(0x00000000283a0000,0x00000000284a0000)]
  0x0000000022fbd000 JavaThread "jar transforms Thread 34" [_thread_blocked, id=6488, stack(0x00000000282a0000,0x00000000283a0000)]
  0x0000000022fc2800 JavaThread "jar transforms Thread 33" [_thread_blocked, id=5012, stack(0x00000000281a0000,0x00000000282a0000)]
  0x0000000022fc1800 JavaThread "jar transforms Thread 32" [_thread_blocked, id=17948, stack(0x00000000280a0000,0x00000000281a0000)]
  0x0000000022fbe000 JavaThread "jar transforms Thread 31" [_thread_blocked, id=13708, stack(0x0000000027fa0000,0x00000000280a0000)]
  0x0000000022fbc800 JavaThread "jar transforms Thread 30" [_thread_blocked, id=21516, stack(0x0000000027ea0000,0x0000000027fa0000)]
  0x0000000022fc1000 JavaThread "jar transforms Thread 29" [_thread_blocked, id=6444, stack(0x0000000027da0000,0x0000000027ea0000)]
  0x0000000022fc3000 JavaThread "jar transforms Thread 28" [_thread_blocked, id=1236, stack(0x0000000027ca0000,0x0000000027da0000)]
  0x000000001d61b800 JavaThread "jar transforms Thread 27" [_thread_blocked, id=13348, stack(0x0000000027ba0000,0x0000000027ca0000)]
  0x000000001d621800 JavaThread "jar transforms Thread 26" [_thread_blocked, id=20744, stack(0x0000000027aa0000,0x0000000027ba0000)]
  0x000000001d61a000 JavaThread "jar transforms Thread 25" [_thread_blocked, id=14552, stack(0x00000000279a0000,0x0000000027aa0000)]
  0x000000001d621000 JavaThread "jar transforms Thread 24" [_thread_blocked, id=5248, stack(0x00000000278a0000,0x00000000279a0000)]
  0x000000001d61d000 JavaThread "jar transforms Thread 23" [_thread_blocked, id=23920, stack(0x00000000277a0000,0x00000000278a0000)]
  0x000000001d620000 JavaThread "jar transforms Thread 22" [_thread_blocked, id=23868, stack(0x00000000276a0000,0x00000000277a0000)]
  0x000000001d61c800 JavaThread "jar transforms Thread 21" [_thread_blocked, id=12744, stack(0x00000000275a0000,0x00000000276a0000)]
  0x000000001d61f800 JavaThread "jar transforms Thread 20" [_thread_blocked, id=21032, stack(0x00000000274a0000,0x00000000275a0000)]
  0x000000001d619800 JavaThread "jar transforms Thread 19" [_thread_blocked, id=19820, stack(0x00000000273a0000,0x00000000274a0000)]
  0x000000001d61e800 JavaThread "jar transforms Thread 18" [_thread_blocked, id=19376, stack(0x00000000272a0000,0x00000000273a0000)]
  0x000000001d61e000 JavaThread "jar transforms Thread 17" [_thread_blocked, id=13652, stack(0x00000000271a0000,0x00000000272a0000)]
  0x000000001d614000 JavaThread "jar transforms Thread 16" [_thread_blocked, id=15268, stack(0x00000000270a0000,0x00000000271a0000)]
  0x000000001d61b000 JavaThread "jar transforms Thread 15" [_thread_blocked, id=17932, stack(0x0000000026fa0000,0x00000000270a0000)]
  0x000000001d618000 JavaThread "jar transforms Thread 14" [_thread_blocked, id=3296, stack(0x0000000026ea0000,0x0000000026fa0000)]
  0x000000001d612800 JavaThread "jar transforms Thread 13" [_thread_blocked, id=19604, stack(0x0000000026da0000,0x0000000026ea0000)]
  0x000000001d618800 JavaThread "jar transforms Thread 12" [_thread_blocked, id=16024, stack(0x00000000254e0000,0x00000000255e0000)]
  0x000000001d617000 JavaThread "jar transforms Thread 11" [_thread_blocked, id=24468, stack(0x00000000253e0000,0x00000000254e0000)]
  0x000000001d615800 JavaThread "jar transforms Thread 10" [_thread_blocked, id=17624, stack(0x0000000026b10000,0x0000000026c10000)]
  0x000000001d616800 JavaThread "jar transforms Thread 9" [_thread_blocked, id=23524, stack(0x0000000026a10000,0x0000000026b10000)]
  0x000000001d613800 JavaThread "jar transforms Thread 8" [_thread_blocked, id=4084, stack(0x0000000026910000,0x0000000026a10000)]
  0x000000001d615000 JavaThread "jar transforms Thread 7" [_thread_blocked, id=6768, stack(0x0000000026810000,0x0000000026910000)]
  0x0000000020e21000 JavaThread "jar transforms Thread 6" [_thread_blocked, id=6532, stack(0x0000000026710000,0x0000000026810000)]
  0x0000000020e23800 JavaThread "jar transforms Thread 5" [_thread_blocked, id=24184, stack(0x0000000026610000,0x0000000026710000)]
  0x0000000020e26800 JavaThread "jar transforms Thread 4" [_thread_blocked, id=15112, stack(0x0000000026510000,0x0000000026610000)]
  0x0000000020e25000 JavaThread "jar transforms Thread 3" [_thread_blocked, id=11180, stack(0x0000000026410000,0x0000000026510000)]
  0x0000000020e24000 JavaThread "jar transforms Thread 2" [_thread_blocked, id=2860, stack(0x0000000025070000,0x0000000025170000)]
  0x0000000020e25800 JavaThread "Build operations Thread 12" [_thread_blocked, id=7408, stack(0x00000000260e0000,0x00000000261e0000)]
  0x0000000020e1c800 JavaThread "Build operations Thread 11" [_thread_blocked, id=22960, stack(0x0000000025fe0000,0x00000000260e0000)]
  0x0000000020e1c000 JavaThread "Build operations Thread 10" [_thread_blocked, id=17104, stack(0x0000000025ee0000,0x0000000025fe0000)]
  0x0000000020e22800 JavaThread "Build operations Thread 9" [_thread_blocked, id=7216, stack(0x0000000025de0000,0x0000000025ee0000)]
  0x0000000020e1b000 JavaThread "Build operations Thread 8" [_thread_blocked, id=22072, stack(0x0000000025ce0000,0x0000000025de0000)]
  0x0000000020e22000 JavaThread "Build operations Thread 7" [_thread_blocked, id=3624, stack(0x0000000025be0000,0x0000000025ce0000)]
  0x0000000020e20800 JavaThread "Build operations Thread 6" [_thread_blocked, id=19688, stack(0x0000000025ae0000,0x0000000025be0000)]
  0x0000000020e19000 JavaThread "Build operations Thread 5" [_thread_blocked, id=22160, stack(0x00000000259e0000,0x0000000025ae0000)]
  0x0000000020e1f800 JavaThread "Build operations Thread 4" [_thread_blocked, id=20176, stack(0x00000000258e0000,0x00000000259e0000)]
  0x0000000020e1f000 JavaThread "Build operations Thread 3" [_thread_blocked, id=22328, stack(0x00000000257e0000,0x00000000258e0000)]
  0x0000000020e17800 JavaThread "Build operations Thread 2" [_thread_blocked, id=23276, stack(0x00000000256e0000,0x00000000257e0000)]
  0x0000000020e1a800 JavaThread "Build operations" [_thread_blocked, id=23668, stack(0x00000000255e0000,0x00000000256e0000)]
  0x000000001d4b6000 JavaThread "Cache worker for file content cache (C:\Users\Briliantino\.gradle\caches\6.5\fileContent)" [_thread_blocked, id=2452, stack(0x0000000024b70000,0x0000000024c70000)]
  0x000000001d4bd000 JavaThread "jar transforms" [_thread_blocked, id=20116, stack(0x0000000023650000,0x0000000023750000)]
  0x000000001d4bb800 JavaThread "Cache worker for execution history cache (C:\Users\Briliantino\.gradle\caches\6.5\executionHistory)" [_thread_blocked, id=22700, stack(0x0000000023350000,0x0000000023450000)]
  0x000000001d4ba000 JavaThread "Cache worker for cache directory md-rule (C:\Users\Briliantino\.gradle\caches\6.5\md-rule)" [_thread_blocked, id=4504, stack(0x0000000023250000,0x0000000023350000)]
  0x000000001d4b7000 JavaThread "Cache worker for cache directory md-supplier (C:\Users\Briliantino\.gradle\caches\6.5\md-supplier)" [_thread_blocked, id=23092, stack(0x0000000023150000,0x0000000023250000)]
  0x000000001d4b8800 JavaThread "Cache worker for checksums cache (D:\Document\Bangkit\Capstone Project\bangkit-capstone-project\.gradle\checksums)" [_thread_blocked, id=5992, stack(0x0000000023050000,0x0000000023150000)]
  0x000000001d4bc000 JavaThread "Cache worker for file hash cache (D:\Document\Bangkit\Capstone Project\bangkit-capstone-project\.gradle\6.5\fileHashes)" [_thread_blocked, id=11152, stack(0x0000000021cc0000,0x0000000021dc0000)]
  0x000000001d4ba800 JavaThread "Cache worker for file hash cache (C:\Users\Briliantino\.gradle\caches\6.5\fileHashes)" [_thread_blocked, id=12592, stack(0x000000001f770000,0x000000001f870000)]
  0x000000001d4b7800 JavaThread "File lock request listener" [_thread_in_native, id=6764, stack(0x000000001f670000,0x000000001f770000)]
  0x000000001d416800 JavaThread "Cache worker for journal cache (C:\Users\Briliantino\.gradle\caches\journal-1)" [_thread_blocked, id=6540, stack(0x000000001f570000,0x000000001f670000)]
  0x000000001d454800 JavaThread "Thread-9" [_thread_blocked, id=4136, stack(0x000000001f270000,0x000000001f370000)]
  0x000000001d453800 JavaThread "Stdin handler" [_thread_blocked, id=18928, stack(0x000000001f170000,0x000000001f270000)]
  0x000000001d452800 JavaThread "Asynchronous log dispatcher for DefaultDaemonConnection: socket connection from /127.0.0.1:49871 to /127.0.0.1:49872" [_thread_blocked, id=14344, stack(0x000000001f070000,0x000000001f170000)]
  0x000000001d431000 JavaThread "Daemon worker" [_thread_blocked, id=19892, stack(0x000000001ef70000,0x000000001f070000)]
  0x000000001d4c0800 JavaThread "Cancel handler" [_thread_blocked, id=22844, stack(0x000000001ee70000,0x000000001ef70000)]
  0x000000001ce1d800 JavaThread "Handler for socket connection from /127.0.0.1:49871 to /127.0.0.1:49872" [_thread_in_native, id=12896, stack(0x000000001eb70000,0x000000001ec70000)]
  0x000000001ce1a000 JavaThread "Daemon" [_thread_blocked, id=9676, stack(0x000000001e970000,0x000000001ea70000)]
  0x000000001d3d8800 JavaThread "Daemon periodic checks" [_thread_blocked, id=16812, stack(0x000000001e870000,0x000000001e970000)]
  0x000000001d333800 JavaThread "Incoming local TCP Connector on port 49871" [_thread_in_native, id=13524, stack(0x000000001e630000,0x000000001e730000)]
  0x000000001d375000 JavaThread "Daemon health stats" [_thread_blocked, id=11976, stack(0x000000001dff0000,0x000000001e0f0000)]
  0x0000000019a9e800 JavaThread "Service Thread" daemon [_thread_blocked, id=12968, stack(0x000000001b450000,0x000000001b550000)]
  0x0000000019a14800 JavaThread "C1 CompilerThread3" daemon [_thread_in_vm, id=6712, stack(0x000000001b350000,0x000000001b450000)]
=>0x0000000019a13800 JavaThread "C2 CompilerThread2" daemon [_thread_in_native, id=19724, stack(0x000000001b250000,0x000000001b350000)]
  0x0000000019a0e800 JavaThread "C2 CompilerThread1" daemon [_thread_in_native, id=4368, stack(0x000000001b150000,0x000000001b250000)]
  0x0000000019a07800 JavaThread "C2 CompilerThread0" daemon [_thread_in_native, id=9804, stack(0x000000001b050000,0x000000001b150000)]
  0x0000000019a03000 JavaThread "Attach Listener" daemon [_thread_blocked, id=7852, stack(0x000000001af50000,0x000000001b050000)]
  0x0000000019a01800 JavaThread "Signal Dispatcher" daemon [_thread_blocked, id=8852, stack(0x000000001ae50000,0x000000001af50000)]
  0x000000000309a800 JavaThread "Finalizer" daemon [_thread_blocked, id=6944, stack(0x000000001ac50000,0x000000001ad50000)]
  0x00000000199f3000 JavaThread "Reference Handler" daemon [_thread_blocked, id=23584, stack(0x000000001ab50000,0x000000001ac50000)]
  0x0000000002fa2800 JavaThread "main" [_thread_blocked, id=13700, stack(0x0000000002ea0000,0x0000000002fa0000)]

Other Threads:
  0x0000000018306000 VMThread [stack: 0x000000001aa50000,0x000000001ab50000] [id=17996]
  0x0000000019aa0800 WatcherThread [stack: 0x000000001b550000,0x000000001b650000] [id=16600]

VM state:not at safepoint (normal execution)

VM Mutex/Monitor currently owned by a thread: None

heap address: 0x0000000080000000, size: 2048 MB, Compressed Oops mode: 32-bit
Narrow klass base: 0x0000000000000000, Narrow klass shift: 3
Compressed class space size: 1073741824 Address: 0x0000000100000000

Heap:
 PSYoungGen      total 304640K, used 156553K [0x00000000d5580000, 0x00000000ed300000, 0x0000000100000000)
  eden space 257024K, 60% used [0x00000000d5580000,0x00000000dee62548,0x00000000e5080000)
  from space 47616K, 0% used [0x00000000ea480000,0x00000000ea480000,0x00000000ed300000)
  to   space 40960K, 0% used [0x00000000e5080000,0x00000000e5080000,0x00000000e7880000)
 ParOldGen       total 226816K, used 226798K [0x0000000080000000, 0x000000008dd80000, 0x00000000d5580000)
  object space 226816K, 99% used [0x0000000080000000,0x000000008dd7bac8,0x000000008dd80000)
 Metaspace       used 97907K, capacity 102468K, committed 104344K, reserved 1138688K
  class space    used 13099K, capacity 14001K, committed 14512K, reserved 1048576K

Card table byte_map: [0x0000000012460000,0x0000000012870000] byte_map_base: 0x0000000012060000

Marking Bits: (ParMarkBitMap*) 0x000000005a57f030
 Begin Bits: [0x0000000013520000, 0x0000000015520000)
 End Bits:   [0x0000000015520000, 0x0000000017520000)

Polling page: 0x0000000002dd0000

CodeCache: size=245760Kb used=43313Kb max_used=43313Kb free=202446Kb
 bounds [0x00000000030a0000, 0x0000000005b30000, 0x00000000120a0000]
 total_blobs=15069 nmethods=14149 adapters=831
 compilation: enabled

Compilation events (10 events):
Event: 29.627 Thread 0x0000000019a14800 nmethod 16985 0x0000000005aee290 code [0x0000000005aee400, 0x0000000005aee608]
Event: 29.627 Thread 0x0000000019a14800 16986       2       com.android.tools.r8.graph.J$c::<init> (40 bytes)
Event: 29.628 Thread 0x0000000019a14800 nmethod 16986 0x0000000005aee710 code [0x0000000005aee860, 0x0000000005aee9b0]
Event: 29.628 Thread 0x0000000019a14800 16992       3       java.util.concurrent.ForkJoinPool::scan (416 bytes)
Event: 29.629 Thread 0x0000000019a14800 nmethod 16992 0x0000000005aeea50 code [0x0000000005aeec20, 0x0000000005aef7f8]
Event: 29.629 Thread 0x0000000019a14800 17010   !   2       java.util.jar.Attributes::read (380 bytes)
Event: 29.631 Thread 0x0000000019a14800 nmethod 17010 0x0000000005aefc50 code [0x0000000005aeffa0, 0x0000000005af1388]
Event: 29.631 Thread 0x0000000019a14800 16990       2       com.android.tools.r8.code.G0::<init> (22 bytes)
Event: 29.631 Thread 0x0000000019a14800 nmethod 16990 0x0000000005af24d0 code [0x0000000005af2640, 0x0000000005af28a8]
Event: 29.632 Thread 0x0000000019a14800 17020       3       com.android.tools.r8.code.v1::a (4137 bytes)

GC Heap History (10 events):
Event: 26.821 GC heap before
{Heap before GC invocations=20 (full 4):
 PSYoungGen      total 304640K, used 47607K [0x00000000d5580000, 0x00000000ed300000, 0x0000000100000000)
  eden space 257024K, 0% used [0x00000000d5580000,0x00000000d5580000,0x00000000e5080000)
  from space 47616K, 99% used [0x00000000ea480000,0x00000000ed2fded0,0x00000000ed300000)
  to   space 40960K, 0% used [0x00000000e5080000,0x00000000e5080000,0x00000000e7880000)
 ParOldGen       total 226816K, used 129018K [0x0000000080000000, 0x000000008dd80000, 0x00000000d5580000)
  object space 226816K, 56% used [0x0000000080000000,0x0000000087dfea80,0x000000008dd80000)
 Metaspace       used 93170K, capacity 98588K, committed 98600K, reserved 1134592K
  class space    used 12590K, capacity 13604K, committed 13616K, reserved 1048576K
Event: 27.022 GC heap after
Heap after GC invocations=20 (full 4):
 PSYoungGen      total 304640K, used 0K [0x00000000d5580000, 0x00000000ed300000, 0x0000000100000000)
  eden space 257024K, 0% used [0x00000000d5580000,0x00000000d5580000,0x00000000e5080000)
  from space 47616K, 0% used [0x00000000ea480000,0x00000000ea480000,0x00000000ed300000)
  to   space 40960K, 0% used [0x00000000e5080000,0x00000000e5080000,0x00000000e7880000)
 ParOldGen       total 226816K, used 158566K [0x0000000080000000, 0x000000008dd80000, 0x00000000d5580000)
  object space 226816K, 69% used [0x0000000080000000,0x0000000089ad9bb8,0x000000008dd80000)
 Metaspace       used 92283K, capacity 96182K, committed 98600K, reserved 1134592K
  class space    used 12289K, capacity 13067K, committed 13616K, reserved 1048576K
}
Event: 27.459 GC heap before
{Heap before GC invocations=21 (full 4):
 PSYoungGen      total 304640K, used 256774K [0x00000000d5580000, 0x00000000ed300000, 0x0000000100000000)
  eden space 257024K, 99% used [0x00000000d5580000,0x00000000e5041a58,0x00000000e5080000)
  from space 47616K, 0% used [0x00000000ea480000,0x00000000ea480000,0x00000000ed300000)
  to   space 40960K, 0% used [0x00000000e5080000,0x00000000e5080000,0x00000000e7880000)
 ParOldGen       total 226816K, used 158566K [0x0000000080000000, 0x000000008dd80000, 0x00000000d5580000)
  object space 226816K, 69% used [0x0000000080000000,0x0000000089ad9bb8,0x000000008dd80000)
 Metaspace       used 97285K, capacity 102806K, committed 102936K, reserved 1138688K
  class space    used 13221K, capacity 14301K, committed 14384K, reserved 1048576K
Event: 27.483 GC heap after
Heap after GC invocations=21 (full 4):
 PSYoungGen      total 297984K, used 40942K [0x00000000d5580000, 0x00000000ed300000, 0x0000000100000000)
  eden space 257024K, 0% used [0x00000000d5580000,0x00000000d5580000,0x00000000e5080000)
  from space 40960K, 99% used [0x00000000e5080000,0x00000000e787bbf0,0x00000000e7880000)
  to   space 47616K, 0% used [0x00000000ea480000,0x00000000ea480000,0x00000000ed300000)
 ParOldGen       total 226816K, used 159195K [0x0000000080000000, 0x000000008dd80000, 0x00000000d5580000)
  object space 226816K, 70% used [0x0000000080000000,0x0000000089b76f88,0x000000008dd80000)
 Metaspace       used 97285K, capacity 102806K, committed 102936K, reserved 1138688K
  class space    used 13221K, capacity 14301K, committed 14384K, reserved 1048576K
}
Event: 27.871 GC heap before
{Heap before GC invocations=22 (full 4):
 PSYoungGen      total 297984K, used 297966K [0x00000000d5580000, 0x00000000ed300000, 0x0000000100000000)
  eden space 257024K, 100% used [0x00000000d5580000,0x00000000e5080000,0x00000000e5080000)
  from space 40960K, 99% used [0x00000000e5080000,0x00000000e787bbf0,0x00000000e7880000)
  to   space 47616K, 0% used [0x00000000ea480000,0x00000000ea480000,0x00000000ed300000)
 ParOldGen       total 226816K, used 159195K [0x0000000080000000, 0x000000008dd80000, 0x00000000d5580000)
  object space 226816K, 70% used [0x0000000080000000,0x0000000089b76f88,0x000000008dd80000)
 Metaspace       used 98021K, capacity 103628K, committed 103704K, reserved 1138688K
  class space    used 13301K, capacity 14382K, committed 14384K, reserved 1048576K
Event: 27.929 GC heap after
Heap after GC invocations=22 (full 4):
 PSYoungGen      total 304640K, used 47585K [0x00000000d5580000, 0x00000000ed300000, 0x0000000100000000)
  eden space 257024K, 0% used [0x00000000d5580000,0x00000000d5580000,0x00000000e5080000)
  from space 47616K, 99% used [0x00000000ea480000,0x00000000ed2f85e8,0x00000000ed300000)
  to   space 40960K, 0% used [0x00000000e5080000,0x00000000e5080000,0x00000000e7880000)
 ParOldGen       total 226816K, used 210604K [0x0000000080000000, 0x000000008dd80000, 0x00000000d5580000)
  object space 226816K, 92% used [0x0000000080000000,0x000000008cdab288,0x000000008dd80000)
 Metaspace       used 98021K, capacity 103628K, committed 103704K, reserved 1138688K
  class space    used 13301K, capacity 14382K, committed 14384K, reserved 1048576K
}
Event: 27.929 GC heap before
{Heap before GC invocations=23 (full 5):
 PSYoungGen      total 304640K, used 47585K [0x00000000d5580000, 0x00000000ed300000, 0x0000000100000000)
  eden space 257024K, 0% used [0x00000000d5580000,0x00000000d5580000,0x00000000e5080000)
  from space 47616K, 99% used [0x00000000ea480000,0x00000000ed2f85e8,0x00000000ed300000)
  to   space 40960K, 0% used [0x00000000e5080000,0x00000000e5080000,0x00000000e7880000)
 ParOldGen       total 226816K, used 210604K [0x0000000080000000, 0x000000008dd80000, 0x00000000d5580000)
  object space 226816K, 92% used [0x0000000080000000,0x000000008cdab288,0x000000008dd80000)
 Metaspace       used 98021K, capacity 103628K, committed 103704K, reserved 1138688K
  class space    used 13301K, capacity 14382K, committed 14384K, reserved 1048576K
Event: 28.604 GC heap after
Heap after GC invocations=23 (full 5):
 PSYoungGen      total 304640K, used 9014K [0x00000000d5580000, 0x00000000ed300000, 0x0000000100000000)
  eden space 257024K, 0% used [0x00000000d5580000,0x00000000d5580000,0x00000000e5080000)
  from space 47616K, 18% used [0x00000000ea480000,0x00000000ead4da48,0x00000000ed300000)
  to   space 40960K, 0% used [0x00000000e5080000,0x00000000e5080000,0x00000000e7880000)
 ParOldGen       total 226816K, used 225959K [0x0000000080000000, 0x000000008dd80000, 0x00000000d5580000)
  object space 226816K, 99% used [0x0000000080000000,0x000000008dca9d90,0x000000008dd80000)
 Metaspace       used 97306K, capacity 101832K, committed 103704K, reserved 1138688K
  class space    used 13048K, capacity 13939K, committed 14384K, reserved 1048576K
}
Event: 28.938 GC heap before
{Heap before GC invocations=24 (full 6):
 PSYoungGen      total 304640K, used 266038K [0x00000000d5580000, 0x00000000ed300000, 0x0000000100000000)
  eden space 257024K, 100% used [0x00000000d5580000,0x00000000e5080000,0x00000000e5080000)
  from space 47616K, 18% used [0x00000000ea480000,0x00000000ead4da48,0x00000000ed300000)
  to   space 40960K, 0% used [0x00000000e5080000,0x00000000e5080000,0x00000000e7880000)
 ParOldGen       total 226816K, used 225959K [0x0000000080000000, 0x000000008dd80000, 0x00000000d5580000)
  object space 226816K, 99% used [0x0000000080000000,0x000000008dca9d90,0x000000008dd80000)
 Metaspace       used 97656K, capacity 102238K, committed 103960K, reserved 1138688K
  class space    used 13073K, capacity 13956K, committed 14384K, reserved 1048576K
Event: 29.468 GC heap after
Heap after GC invocations=24 (full 6):
 PSYoungGen      total 304640K, used 16945K [0x00000000d5580000, 0x00000000ed300000, 0x0000000100000000)
  eden space 257024K, 6% used [0x00000000d5580000,0x00000000d660c6c0,0x00000000e5080000)
  from space 47616K, 0% used [0x00000000ea480000,0x00000000ea480000,0x00000000ed300000)
  to   space 40960K, 0% used [0x00000000e5080000,0x00000000e5080000,0x00000000e7880000)
 ParOldGen       total 226816K, used 226798K [0x0000000080000000, 0x000000008dd80000, 0x00000000d5580000)
  object space 226816K, 99% used [0x0000000080000000,0x000000008dd7bac8,0x000000008dd80000)
 Metaspace       used 97656K, capacity 102238K, committed 103960K, reserved 1138688K
  class space    used 13073K, capacity 13956K, committed 14384K, reserved 1048576K
}

Deoptimization events (10 events):
Event: 29.641 Thread 0x0000000022d38800 Uncommon trap: reason=class_check action=maybe_recompile pc=0x0000000004562088 method=com.android.tools.r8.graph.X0.b(Ljava/util/function/Predicate;Ljava/util/function/Consumer;Lcom/android/tools/r8/graph/W;)V @ 2
Event: 29.641 Thread 0x0000000022d34800 Uncommon trap: reason=class_check action=maybe_recompile pc=0x0000000004562088 method=com.android.tools.r8.graph.X0.b(Ljava/util/function/Predicate;Ljava/util/function/Consumer;Lcom/android/tools/r8/graph/W;)V @ 2
Event: 29.641 Thread 0x0000000022d3a800 Uncommon trap: reason=class_check action=maybe_recompile pc=0x0000000004562088 method=com.android.tools.r8.graph.X0.b(Ljava/util/function/Predicate;Ljava/util/function/Consumer;Lcom/android/tools/r8/graph/W;)V @ 2
Event: 29.641 Thread 0x0000000022d32800 Uncommon trap: reason=class_check action=maybe_recompile pc=0x0000000004562088 method=com.android.tools.r8.graph.X0.b(Ljava/util/function/Predicate;Ljava/util/function/Consumer;Lcom/android/tools/r8/graph/W;)V @ 2
Event: 29.641 Thread 0x000000002003f800 Uncommon trap: reason=unstable_if action=reinterpret pc=0x0000000004e75ed0 method=java.util.concurrent.atomic.AtomicBoolean.compareAndSet(ZZ)Z @ 1
Event: 29.641 Thread 0x0000000022d31800 Uncommon trap: reason=unstable_if action=reinterpret pc=0x0000000004e75ed0 method=java.util.concurrent.atomic.AtomicBoolean.compareAndSet(ZZ)Z @ 1
Event: 29.641 Thread 0x0000000022d32800 Uncommon trap: reason=unstable_if action=reinterpret pc=0x0000000004e75ed0 method=java.util.concurrent.atomic.AtomicBoolean.compareAndSet(ZZ)Z @ 1
Event: 29.641 Thread 0x0000000022d3b800 Uncommon trap: reason=unstable_if action=reinterpret pc=0x0000000004e75ed0 method=java.util.concurrent.atomic.AtomicBoolean.compareAndSet(ZZ)Z @ 1
Event: 29.641 Thread 0x000000002212e800 Uncommon trap: reason=unstable_if action=reinterpret pc=0x0000000004e75ed0 method=java.util.concurrent.atomic.AtomicBoolean.compareAndSet(ZZ)Z @ 1
Event: 29.641 Thread 0x0000000022d3a800 Uncommon trap: reason=unstable_if action=reinterpret pc=0x0000000004e75ed0 method=java.util.concurrent.atomic.AtomicBoolean.compareAndSet(ZZ)Z @ 1

Classes redefined (0 events):
No events

Internal exceptions (10 events):
Event: 28.649 Thread 0x000000002211d000 Exception <a 'sun/nio/fs/WindowsException'> (0x00000000d86af050) thrown at [C:\src\AOSP-openjdk-git\hotspot\src\share\vm\prims\jni.cpp, line 710]
Event: 28.650 Thread 0x000000002211d000 Exception <a 'sun/nio/fs/WindowsException'> (0x00000000d87cf418) thrown at [C:\src\AOSP-openjdk-git\hotspot\src\share\vm\prims\jni.cpp, line 710]
Event: 28.651 Thread 0x000000002211d000 Exception <a 'sun/nio/fs/WindowsException'> (0x00000000d883f988) thrown at [C:\src\AOSP-openjdk-git\hotspot\src\share\vm\prims\jni.cpp, line 710]
Event: 28.652 Thread 0x000000002211d000 Exception <a 'sun/nio/fs/WindowsException'> (0x00000000d89b8240) thrown at [C:\src\AOSP-openjdk-git\hotspot\src\share\vm\prims\jni.cpp, line 710]
Event: 28.817 Thread 0x0000000022121000 Exception <a 'sun/nio/fs/WindowsException'> (0x00000000d8327820) thrown at [C:\src\AOSP-openjdk-git\hotspot\src\share\vm\prims\jni.cpp, line 710]
Event: 28.821 Thread 0x0000000022121000 Exception <a 'sun/nio/fs/WindowsException'> (0x00000000d832f340) thrown at [C:\src\AOSP-openjdk-git\hotspot\src\share\vm\prims\jni.cpp, line 710]
Event: 28.823 Thread 0x0000000022121000 Exception <a 'sun/nio/fs/WindowsException'> (0x00000000de8f4b20) thrown at [C:\src\AOSP-openjdk-git\hotspot\src\share\vm\prims\jni.cpp, line 710]
Event: 28.824 Thread 0x0000000022121000 Exception <a 'sun/nio/fs/WindowsException'> (0x00000000de93c6f0) thrown at [C:\src\AOSP-openjdk-git\hotspot\src\share\vm\prims\jni.cpp, line 710]
Event: 28.825 Thread 0x0000000022121000 Exception <a 'sun/nio/fs/WindowsException'> (0x00000000de947e88) thrown at [C:\src\AOSP-openjdk-git\hotspot\src\share\vm\prims\jni.cpp, line 710]
Event: 29.582 Thread 0x000000002211a000 Exception <a 'sun/nio/fs/WindowsException'> (0x00000000db89d6c0) thrown at [C:\src\AOSP-openjdk-git\hotspot\src\share\vm\prims\jni.cpp, line 710]

Events (10 events):
Event: 29.641 Thread 0x0000000022d32800 DEOPT UNPACKING pc=0x00000000030e557b sp=0x000000003864ebb0 mode 2
Event: 29.641 Thread 0x0000000022d3a800 Uncommon trap: trap_request=0xffffff65 fr.pc=0x0000000004e75ed0
Event: 29.641 Thread 0x0000000022d34800 DEOPT UNPACKING pc=0x00000000030e557b sp=0x000000003824e9a0 mode 2
Event: 29.642 Executing VM operation: RevokeBias done
Event: 29.642 Thread 0x0000000022d3b800 DEOPT PACKING pc=0x0000000004e75ed0 sp=0x000000003874ee60
Event: 29.642 Thread 0x0000000022d3b800 DEOPT UNPACKING pc=0x00000000030e557b sp=0x000000003874ee80 mode 2
Event: 29.642 Thread 0x000000002212e800 DEOPT PACKING pc=0x0000000004e75ed0 sp=0x0000000037f4ea90
Event: 29.642 Thread 0x000000002212e800 DEOPT UNPACKING pc=0x00000000030e557b sp=0x0000000037f4eab0 mode 2
Event: 29.642 Thread 0x0000000022d3a800 DEOPT PACKING pc=0x0000000004e75ed0 sp=0x000000003884e9d0
Event: 29.642 Thread 0x0000000022d3a800 DEOPT UNPACKING pc=0x00000000030e557b sp=0x000000003884e9f0 mode 2


Dynamic libraries:
0x00007ff6d71e0000 - 0x00007ff6d7211000 	C:\Program Files\Android\Android Studio\jre\bin\java.exe
0x00007ffa29b70000 - 0x00007ffa29d65000 	C:\WINDOWS\SYSTEM32\ntdll.dll
0x00007ffa28a90000 - 0x00007ffa28b4d000 	C:\WINDOWS\System32\KERNEL32.DLL
0x00007ffa274e0000 - 0x00007ffa277a8000 	C:\WINDOWS\System32\KERNELBASE.dll
0x00007ffa29950000 - 0x00007ffa299fc000 	C:\WINDOWS\System32\ADVAPI32.dll
0x00007ffa29880000 - 0x00007ffa2991e000 	C:\WINDOWS\System32\msvcrt.dll
0x00007ffa29640000 - 0x00007ffa296db000 	C:\WINDOWS\System32\sechost.dll
0x00007ffa29510000 - 0x00007ffa2963b000 	C:\WINDOWS\System32\RPCRT4.dll
0x00007ffa296e0000 - 0x00007ffa29880000 	C:\WINDOWS\System32\USER32.dll
0x00007ffa274b0000 - 0x00007ffa274d2000 	C:\WINDOWS\System32\win32u.dll
0x00007ffa29920000 - 0x00007ffa2994a000 	C:\WINDOWS\System32\GDI32.dll
0x00007ffa27a40000 - 0x00007ffa27b4b000 	C:\WINDOWS\System32\gdi32full.dll
0x00007ffa272b0000 - 0x00007ffa2734d000 	C:\WINDOWS\System32\msvcp_win.dll
0x00007ffa27350000 - 0x00007ffa27450000 	C:\WINDOWS\System32\ucrtbase.dll
0x00007ffa0e8d0000 - 0x00007ffa0eb6a000 	C:\WINDOWS\WinSxS\amd64_microsoft.windows.common-controls_6595b64144ccf1df_6.0.19041.844_none_ca00b6081b84eb1d\COMCTL32.dll
0x00007ffa29160000 - 0x00007ffa29190000 	C:\WINDOWS\System32\IMM32.DLL
0x0000000059bf0000 - 0x0000000059cc2000 	C:\Program Files\Android\Android Studio\jre\jre\bin\msvcr100.dll
0x0000000059db0000 - 0x000000005a5fb000 	C:\Program Files\Android\Android Studio\jre\jre\bin\server\jvm.dll
0x00007ffa27bd0000 - 0x00007ffa27bd8000 	C:\WINDOWS\System32\PSAPI.DLL
0x00007ffa0ada0000 - 0x00007ffa0ada9000 	C:\WINDOWS\SYSTEM32\WSOCK32.dll
0x00007ffa208f0000 - 0x00007ffa208fa000 	C:\WINDOWS\SYSTEM32\VERSION.dll
0x00007ffa13370000 - 0x00007ffa13397000 	C:\WINDOWS\SYSTEM32\WINMM.dll
0x00007ffa291b0000 - 0x00007ffa2921b000 	C:\WINDOWS\System32\WS2_32.dll
0x00007ffa21730000 - 0x00007ffa2173f000 	C:\Program Files\Android\Android Studio\jre\jre\bin\verify.dll
0x00007ffa0a900000 - 0x00007ffa0a929000 	C:\Program Files\Android\Android Studio\jre\jre\bin\java.dll
0x00007ffa0ac10000 - 0x00007ffa0ac26000 	C:\Program Files\Android\Android Studio\jre\jre\bin\zip.dll
0x00007ffa27be0000 - 0x00007ffa28322000 	C:\WINDOWS\System32\SHELL32.dll
0x00007ffa253e0000 - 0x00007ffa25b70000 	C:\WINDOWS\SYSTEM32\windows.storage.dll
0x00007ffa28b50000 - 0x00007ffa28ea5000 	C:\WINDOWS\System32\combase.dll
0x00007ffa26d20000 - 0x00007ffa26d4c000 	C:\WINDOWS\SYSTEM32\Wldp.dll
0x00007ffa292f0000 - 0x00007ffa2939e000 	C:\WINDOWS\System32\SHCORE.dll
0x00007ffa28a30000 - 0x00007ffa28a85000 	C:\WINDOWS\System32\shlwapi.dll
0x00007ffa271f0000 - 0x00007ffa2720f000 	C:\WINDOWS\SYSTEM32\profapi.dll
0x00007ff9ffc00000 - 0x00007ff9ffc1a000 	C:\Program Files\Android\Android Studio\jre\jre\bin\net.dll
0x00007ffa26a90000 - 0x00007ffa26afa000 	C:\WINDOWS\system32\mswsock.dll
0x00007ff9ffbe0000 - 0x00007ff9ffbf3000 	C:\Program Files\Android\Android Studio\jre\jre\bin\nio.dll
0x00007ffa10a70000 - 0x00007ffa10a97000 	C:\Users\Briliantino\.gradle\native\f6784746aeab05261644944871eae4fe03e0ef1612fff0a4a95f87b438bc6780\windows-amd64\native-platform.dll
0x00007ffa1fa20000 - 0x00007ffa1fa2d000 	C:\Program Files\Android\Android Studio\jre\jre\bin\management.dll
0x00007ffa26c60000 - 0x00007ffa26c78000 	C:\WINDOWS\SYSTEM32\CRYPTSP.dll
0x00007ffa263c0000 - 0x00007ffa263f4000 	C:\WINDOWS\system32\rsaenh.dll
0x00007ffa27b50000 - 0x00007ffa27b77000 	C:\WINDOWS\System32\bcrypt.dll
0x00007ffa271b0000 - 0x00007ffa271de000 	C:\WINDOWS\SYSTEM32\USERENV.dll
0x00007ffa279c0000 - 0x00007ffa27a40000 	C:\WINDOWS\System32\bcryptprimitives.dll
0x00007ffa26c80000 - 0x00007ffa26c8c000 	C:\WINDOWS\SYSTEM32\CRYPTBASE.dll
0x00007ffa26730000 - 0x00007ffa2676b000 	C:\WINDOWS\SYSTEM32\IPHLPAPI.DLL
0x00007ffa29150000 - 0x00007ffa29158000 	C:\WINDOWS\System32\NSI.dll
0x00007ffa21600000 - 0x00007ffa21617000 	C:\WINDOWS\SYSTEM32\dhcpcsvc6.DLL
0x00007ffa20fd0000 - 0x00007ffa20fed000 	C:\WINDOWS\SYSTEM32\dhcpcsvc.DLL
0x00007ffa26780000 - 0x00007ffa2684c000 	C:\WINDOWS\SYSTEM32\DNSAPI.dll
0x00007ffa205c0000 - 0x00007ffa205cb000 	C:\WINDOWS\SYSTEM32\WINNSI.DLL
0x00007ff9faca0000 - 0x00007ff9facc4000 	C:\Program Files\Android\Android Studio\jre\jre\bin\sunec.dll
0x00007ffa1d8a0000 - 0x00007ffa1d8aa000 	C:\Windows\System32\rasadhlp.dll
0x00007ffa1d060000 - 0x00007ffa1d0df000 	C:\WINDOWS\System32\fwpuclnt.dll
0x00007ffa1f890000 - 0x00007ffa1f89b000 	C:\Program Files\Android\Android Studio\jre\jre\bin\sunmscapi.dll
0x00007ffa27860000 - 0x00007ffa279bf000 	C:\WINDOWS\System32\CRYPT32.dll

VM Arguments:
jvm_args: -Xmx2048m -Dfile.encoding=UTF-8 -Duser.country=ID -Duser.language=en -Duser.variant 
java_command: org.gradle.launcher.daemon.bootstrap.GradleDaemon 6.5
java_class_path (initial): C:\Users\Briliantino\.gradle\wrapper\dists\gradle-6.5-all\2oz4ud9k3tuxjg84bbf55q0tn\gradle-6.5\lib\gradle-launcher-6.5.jar
Launcher Type: SUN_STANDARD

Environment Variables:
JAVA_HOME=C:\Program Files\Java\jdk-13.0.2
PATH=C:\Python39\Scripts\;C:\Python39\;C:\Program Files (x86)\Common Files\Intel\Shared Libraries\redist\intel64\compiler;C:\Program Files (x86)\Common Files\Intel\Shared Files\cpp\bin\Intel64;C:\Program Files (x86)\Common Files\Oracle\Java\javapath;C:\ProgramData\Anaconda3;C:\ProgramData\Anaconda3\Library\mingw-w64\bin;C:\ProgramData\Anaconda3\Library\usr\bin;C:\ProgramData\Anaconda3\Library\bin;C:\ProgramData\Anaconda3\Scripts;C:\windows\system32;C:\windows;C:\windows\System32\Wbem;C:\windows\System32\WindowsPowerShell\v1.0\;C:\windows\System32\OpenSSH\;C:\Program Files (x86)\NVIDIA Corporation\PhysX\Common;C:\Program Files\NVIDIA Corporation\NVIDIA NvDLISR;C:\Program Files\Microsoft VS Code\bin;C:\Program Files\Polyspace\R2019a\runtime\win64;C:\Program Files\Polyspace\R2019a\bin;C:\Program Files\Polyspace\R2019a\polyspace\bin;C:\Program Files\Java\jdk1.8.0_231\bin;C:\WINDOWS\system32;C:\WINDOWS;C:\WINDOWS\System32\Wbem;C:\WINDOWS\System32\WindowsPowerShell\v1.0\;C:\WINDOWS\System32\OpenSSH\;C:\ProgramData\ComposerSetup\bin;C:\Program Files\nodejs\;C:\ProgramData\chocolatey\bin;C:\Program Files\Gradle\gradle-6.6\bin;C:\xampp\php;C:\Users\Briliantino\AppData\Local\Programs\Python\Python38-32\;C:\Users\Briliantino\AppData\Local\Microsoft\WindowsApps;C:\Users\Briliantino\AppData\Roaming\Composer\vendor\bin;C:\Program Files\Java\jdk-13.0.2\bin;C:\Users\Briliantino\AppData\Local\GitHubDesktop\bin;C:\Users\Briliantino\AppData\Roaming\npm;C:\src\flutter\bin;C:\Windows\System32;C:\Program Files\Git\bin\git.exe;C:\Program Files\Git\cmd;;C:\Program Files\JetBrains\IntelliJ IDEA 2020.1.3\bin;
USERNAME=Briliantino
OS=Windows_NT
PROCESSOR_IDENTIFIER=Intel64 Family 6 Model 158 Stepping 10, GenuineIntel



---------------  S Y S T E M  ---------------

OS: Windows 10.0 , 64 bit Build 19041 (10.0.19041.928)

CPU:total 12 (initial active 12) (6 cores per cpu, 2 threads per core) family 6 model 158 stepping 10, cmov, cx8, fxsr, mmx, sse, sse2, sse3, ssse3, sse4.1, sse4.2, popcnt, avx, avx2, aes, clmul, erms, 3dnowpref, lzcnt, ht, tsc, tscinvbit, bmi1, bmi2, adx

Memory: 4k page, physical 16613556k(546660k free), swap 23298228k(6476k free)

vm_info: OpenJDK 64-Bit Server VM (25.242-b01) for windows-amd64 JRE (1.8.0_242-release-1644-b01), built by "builder" with MS VC++ 10.0 (VS2010)

time: Mon May 31 18:19:24 2021
timezone: SE Asia Standard Time
elapsed time: 29 seconds (0d 0h 0m 29s)

