#
# There is insufficient memory for the Java Runtime Environment to continue.
# Native memory allocation (malloc) failed to allocate 483056 bytes for Chunk::new
# Possible reasons:
#   The system is out of physical RAM or swap space
#   The process is running with CompressedOops enabled, and the Java Heap may be blocking the growth of the native heap
# Possible solutions:
#   Reduce memory load on the system
#   Increase physical memory or swap space
#   Check if swap backing store is full
#   Decrease Java heap size (-Xmx/-Xms)
#   Decrease number of Java threads
#   Decrease Java thread stack sizes (-Xss)
#   Set larger code cache with -XX:ReservedCodeCacheSize=
#   JVM is running with Unscaled Compressed Oops mode in which the Java heap is
#     placed in the first 4GB address space. The Java Heap base address is the
#     maximum limit for the native heap growth. Please use -XX:HeapBaseMinAddress
#     to set the Java Heap base and to place the Java Heap above 4GB virtual address.
# This output file may be truncated or incomplete.
#
#  Out of Memory Error (allocation.cpp:389), pid=15660, tid=0x0000000000000f68
#
# JRE version: OpenJDK Runtime Environment (8.0_242-b01) (build 1.8.0_242-release-1644-b01)
# Java VM: OpenJDK 64-Bit Server VM (25.242-b01 mixed mode windows-amd64 compressed oops)
# Failed to write core dump. Minidumps are not enabled by default on client versions of Windows
#

---------------  T H R E A D  ---------------

Current thread (0x000000001943e000):  JavaThread "C2 CompilerThread1" daemon [_thread_in_native, id=3944, stack(0x000000001ab90000,0x000000001ac90000)]

Stack: [0x000000001ab90000,0x000000001ac90000]
[error occurred during error reporting (printing stack bounds), id 0xc0000005]

Native frames: (J=compiled Java code, j=interpreted, Vv=VM code, C=native code)


Current CompileTask:
C2: 375099 22422   !   4       java.nio.file.Files::walkFileTree (355 bytes)


---------------  P R O C E S S  ---------------

Java Threads: ( => current thread )
  0x000000003423c800 JavaThread "Cache worker for execution history cache (D:\Document\Bangkit\Capstone Project\bangkit-capstone-project\.gradle\6.5\executionHistory)" [_thread_blocked, id=15936, stack(0x0000000030d60000,0x0000000030e60000)]
  0x000000003423c000 JavaThread "Execution worker for ':' Thread 11" [_thread_blocked, id=18392, stack(0x0000000030660000,0x0000000030760000)]
  0x000000003423d800 JavaThread "Execution worker for ':' Thread 10" [_thread_blocked, id=14536, stack(0x0000000030560000,0x0000000030660000)]
  0x000000003423b000 JavaThread "Execution worker for ':' Thread 9" [_thread_blocked, id=908, stack(0x0000000030460000,0x0000000030560000)]
  0x0000000034233800 JavaThread "Execution worker for ':' Thread 8" [_thread_blocked, id=6236, stack(0x0000000030360000,0x0000000030460000)]
  0x0000000034239000 JavaThread "Execution worker for ':' Thread 7" [_thread_blocked, id=4412, stack(0x0000000030260000,0x0000000030360000)]
  0x0000000034238000 JavaThread "Execution worker for ':' Thread 6" [_thread_blocked, id=21164, stack(0x0000000030160000,0x0000000030260000)]
  0x0000000034237800 JavaThread "Execution worker for ':' Thread 5" [_thread_blocked, id=18952, stack(0x0000000030060000,0x0000000030160000)]
  0x0000000034236800 JavaThread "Execution worker for ':' Thread 4" [_thread_blocked, id=14932, stack(0x000000002ff60000,0x0000000030060000)]
  0x000000003423a800 JavaThread "Execution worker for ':' Thread 3" [_thread_blocked, id=21140, stack(0x000000002fe60000,0x000000002ff60000)]
  0x000000003422f000 JavaThread "Execution worker for ':' Thread 2" [_thread_blocked, id=16020, stack(0x000000002fd60000,0x000000002fe60000)]
  0x0000000034233000 JavaThread "Execution worker for ':'" [_thread_in_vm, id=15164, stack(0x000000002e890000,0x000000002e990000)]
  0x0000000034232000 JavaThread "Cache worker for file content cache (D:\Document\Bangkit\Capstone Project\bangkit-capstone-project\.gradle\6.5\fileContent)" [_thread_blocked, id=9256, stack(0x000000002e360000,0x000000002e460000)]
  0x0000000034231800 JavaThread "pool-9-thread-1" [_thread_blocked, id=8044, stack(0x000000002e260000,0x000000002e360000)]
  0x0000000034234800 JavaThread "Cache worker for Build Output Cleanup Cache (D:\Document\Bangkit\Capstone Project\bangkit-capstone-project\.gradle\buildOutputCleanup)" [_thread_blocked, id=10244, stack(0x000000002d260000,0x000000002d360000)]
  0x000000003422f800 JavaThread "Build operations Thread 12" [_thread_blocked, id=18288, stack(0x00000000247d0000,0x00000000248d0000)]
  0x0000000034236000 JavaThread "Build operations Thread 11" [_thread_blocked, id=9220, stack(0x00000000246d0000,0x00000000247d0000)]
  0x000000003422e000 JavaThread "Build operations Thread 10" [_thread_blocked, id=20524, stack(0x00000000245d0000,0x00000000246d0000)]
  0x0000000034235000 JavaThread "Build operations Thread 9" [_thread_blocked, id=8276, stack(0x00000000244d0000,0x00000000245d0000)]
  0x0000000034230800 JavaThread "Build operations Thread 8" [_thread_blocked, id=5752, stack(0x00000000243d0000,0x00000000244d0000)]
  0x0000000034226800 JavaThread "Build operations Thread 7" [_thread_blocked, id=11564, stack(0x00000000242d0000,0x00000000243d0000)]
  0x0000000034229800 JavaThread "Build operations Thread 6" [_thread_blocked, id=15584, stack(0x00000000241d0000,0x00000000242d0000)]
  0x000000003422d800 JavaThread "Build operations Thread 5" [_thread_blocked, id=16012, stack(0x00000000240d0000,0x00000000241d0000)]
  0x000000003422c800 JavaThread "Build operations Thread 4" [_thread_blocked, id=6344, stack(0x0000000023fd0000,0x00000000240d0000)]
  0x000000003422c000 JavaThread "Build operations Thread 3" [_thread_blocked, id=9924, stack(0x0000000023ed0000,0x0000000023fd0000)]
  0x000000003422b000 JavaThread "Build operations Thread 2" [_thread_blocked, id=11404, stack(0x0000000023dd0000,0x0000000023ed0000)]
  0x000000003422a800 JavaThread "Build operations" [_thread_blocked, id=10716, stack(0x0000000023cd0000,0x0000000023dd0000)]
  0x0000000034229000 JavaThread "Cache worker for cache directory md-rule (C:\Users\Briliantino\.gradle\caches\6.5\md-rule)" [_thread_blocked, id=9804, stack(0x00000000234d0000,0x00000000235d0000)]
  0x0000000034221800 JavaThread "Cache worker for cache directory md-supplier (C:\Users\Briliantino\.gradle\caches\6.5\md-supplier)" [_thread_blocked, id=2428, stack(0x00000000229f0000,0x0000000022af0000)]
  0x0000000034224800 JavaThread "Cache worker for checksums cache (D:\Document\Bangkit\Capstone Project\bangkit-capstone-project\.gradle\checksums)" [_thread_blocked, id=9428, stack(0x00000000218b0000,0x00000000219b0000)]
  0x0000000034228000 JavaThread "Cache worker for file hash cache (D:\Document\Bangkit\Capstone Project\bangkit-capstone-project\.gradle\6.5\fileHashes)" [_thread_blocked, id=17588, stack(0x00000000217b0000,0x00000000218b0000)]
  0x0000000034226000 JavaThread "Thread-499" [_thread_blocked, id=14832, stack(0x0000000020280000,0x0000000020380000)]
  0x0000000034227800 JavaThread "Stdin handler" [_thread_blocked, id=1856, stack(0x000000001eab0000,0x000000001ebb0000)]
  0x0000000034223800 JavaThread "Asynchronous log dispatcher for DefaultDaemonConnection: socket connection from /127.0.0.1:63646 to /127.0.0.1:63958" [_thread_blocked, id=5716, stack(0x000000001e5b0000,0x000000001e6b0000)]
  0x0000000034225000 JavaThread "Cancel handler" [_thread_blocked, id=10712, stack(0x000000001df70000,0x000000001e070000)]
  0x0000000034223000 JavaThread "Handler for socket connection from /127.0.0.1:63646 to /127.0.0.1:63958" [_thread_in_native, id=18504, stack(0x000000001de70000,0x000000001df70000)]
  0x0000000020661800 JavaThread "jar transforms Thread 342" [_thread_blocked, id=3272, stack(0x000000002cd40000,0x000000002ce40000)]
  0x000000002065d000 JavaThread "jar transforms Thread 341" [_thread_blocked, id=2608, stack(0x000000002ba70000,0x000000002bb70000)]
  0x0000000020660800 JavaThread "jar transforms Thread 340" [_thread_blocked, id=13832, stack(0x000000002b970000,0x000000002ba70000)]
  0x000000002065c000 JavaThread "jar transforms Thread 339" [_thread_blocked, id=13924, stack(0x000000002b870000,0x000000002b970000)]
  0x0000000020660000 JavaThread "jar transforms Thread 338" [_thread_blocked, id=13164, stack(0x000000002b770000,0x000000002b870000)]
  0x000000002065f000 JavaThread "jar transforms Thread 337" [_thread_blocked, id=3336, stack(0x000000002b670000,0x000000002b770000)]
  0x000000002065e800 JavaThread "jar transforms Thread 336" [_thread_blocked, id=18348, stack(0x000000002b570000,0x000000002b670000)]
  0x000000002065d800 JavaThread "jar transforms Thread 335" [_thread_blocked, id=2364, stack(0x000000002b470000,0x000000002b570000)]
  0x0000000020663000 JavaThread "jar transforms Thread 334" [_thread_blocked, id=20336, stack(0x000000002b370000,0x000000002b470000)]
  0x0000000020662000 JavaThread "jar transforms Thread 333" [_thread_blocked, id=2168, stack(0x000000002b270000,0x000000002b370000)]
  0x000000002065b800 JavaThread "jar transforms Thread 332" [_thread_blocked, id=17544, stack(0x000000002b170000,0x000000002b270000)]
  0x0000000020654000 JavaThread "jar transforms Thread 331" [_thread_blocked, id=11408, stack(0x000000002aed0000,0x000000002afd0000)]
  0x0000000020657800 JavaThread "jar transforms Thread 330" [_thread_blocked, id=2232, stack(0x000000002add0000,0x000000002aed0000)]
  0x000000002065a800 JavaThread "jar transforms Thread 329" [_thread_blocked, id=14376, stack(0x000000002acd0000,0x000000002add0000)]
  0x0000000020659000 JavaThread "jar transforms Thread 328" [_thread_blocked, id=15356, stack(0x000000002abd0000,0x000000002acd0000)]
  0x0000000020aa8000 JavaThread "jar transforms Thread 327" [_thread_blocked, id=19228, stack(0x000000002aad0000,0x000000002abd0000)]
  0x0000000020aa7000 JavaThread "jar transforms Thread 326" [_thread_blocked, id=2248, stack(0x000000002a9d0000,0x000000002aad0000)]
  0x0000000020aa6800 JavaThread "jar transforms Thread 325" [_thread_blocked, id=20216, stack(0x000000002a8d0000,0x000000002a9d0000)]
  0x0000000020aa3800 JavaThread "jar transforms Thread 324" [_thread_blocked, id=15952, stack(0x000000002a7d0000,0x000000002a8d0000)]
  0x0000000020aa4000 JavaThread "jar transforms Thread 323" [_thread_blocked, id=20472, stack(0x000000002a6d0000,0x000000002a7d0000)]
  0x0000000020aa2800 JavaThread "jar transforms Thread 322" [_thread_blocked, id=9044, stack(0x000000002a5d0000,0x000000002a6d0000)]
  0x0000000020aa5000 JavaThread "jar transforms Thread 321" [_thread_blocked, id=8544, stack(0x000000002a4d0000,0x000000002a5d0000)]
  0x0000000020aa2000 JavaThread "jar transforms Thread 320" [_thread_blocked, id=16916, stack(0x000000002a3d0000,0x000000002a4d0000)]
  0x0000000020a9a000 JavaThread "jar transforms Thread 319" [_thread_blocked, id=17216, stack(0x000000002a2d0000,0x000000002a3d0000)]
  0x0000000020aa1000 JavaThread "jar transforms Thread 318" [_thread_blocked, id=9288, stack(0x000000002a1d0000,0x000000002a2d0000)]
  0x0000000020a9b000 JavaThread "jar transforms Thread 317" [_thread_blocked, id=14020, stack(0x000000002a0d0000,0x000000002a1d0000)]
  0x0000000020a9f800 JavaThread "jar transforms Thread 316" [_thread_blocked, id=15372, stack(0x0000000029fd0000,0x000000002a0d0000)]
  0x0000000020aa0800 JavaThread "jar transforms Thread 315" [_thread_blocked, id=18388, stack(0x0000000029ed0000,0x0000000029fd0000)]
  0x0000000020a9f000 JavaThread "jar transforms Thread 314" [_thread_blocked, id=13092, stack(0x0000000029dd0000,0x0000000029ed0000)]
  0x0000000020a9e000 JavaThread "jar transforms Thread 313" [_thread_blocked, id=12812, stack(0x0000000029cd0000,0x0000000029dd0000)]
  0x0000000020a9c800 JavaThread "jar transforms Thread 312" [_thread_blocked, id=21060, stack(0x0000000029bd0000,0x0000000029cd0000)]
  0x0000000020a9d800 JavaThread "jar transforms Thread 311" [_thread_blocked, id=13132, stack(0x0000000029ad0000,0x0000000029bd0000)]
  0x000000001d2b6800 JavaThread "jar transforms Thread 310" [_thread_blocked, id=3508, stack(0x00000000299d0000,0x0000000029ad0000)]
  0x000000001d2b6000 JavaThread "jar transforms Thread 309" [_thread_blocked, id=21356, stack(0x00000000298d0000,0x00000000299d0000)]
  0x000000001d2b8000 JavaThread "jar transforms Thread 308" [_thread_blocked, id=12716, stack(0x00000000297d0000,0x00000000298d0000)]
  0x000000001d2b5000 JavaThread "jar transforms Thread 307" [_thread_blocked, id=3612, stack(0x00000000296d0000,0x00000000297d0000)]
  0x000000001d2b4800 JavaThread "jar transforms Thread 306" [_thread_blocked, id=10216, stack(0x00000000295d0000,0x00000000296d0000)]
  0x000000001d2b0800 JavaThread "jar transforms Thread 305" [_thread_blocked, id=15264, stack(0x00000000294d0000,0x00000000295d0000)]
  0x000000001d2b2000 JavaThread "jar transforms Thread 304" [_thread_blocked, id=19448, stack(0x00000000293d0000,0x00000000294d0000)]
  0x000000001d2b3000 JavaThread "jar transforms Thread 303" [_thread_blocked, id=15016, stack(0x00000000292d0000,0x00000000293d0000)]
  0x000000001d2b3800 JavaThread "jar transforms Thread 302" [_thread_blocked, id=19504, stack(0x00000000291d0000,0x00000000292d0000)]
  0x000000001d2b1800 JavaThread "jar transforms Thread 301" [_thread_blocked, id=19832, stack(0x00000000290d0000,0x00000000291d0000)]
  0x000000001d2b7800 JavaThread "jar transforms Thread 300" [_thread_blocked, id=17740, stack(0x0000000028fd0000,0x00000000290d0000)]
  0x000000001d2aa800 JavaThread "jar transforms Thread 299" [_thread_blocked, id=13024, stack(0x0000000028ed0000,0x0000000028fd0000)]
  0x000000001d2af000 JavaThread "jar transforms Thread 298" [_thread_blocked, id=20644, stack(0x0000000028dd0000,0x0000000028ed0000)]
  0x000000001d2aa000 JavaThread "jar transforms Thread 297" [_thread_blocked, id=13192, stack(0x0000000028cd0000,0x0000000028dd0000)]
  0x000000001d2a9000 JavaThread "jar transforms Thread 296" [_thread_blocked, id=1744, stack(0x0000000028bd0000,0x0000000028cd0000)]
  0x000000001d2ad800 JavaThread "jar transforms Thread 295" [_thread_blocked, id=14764, stack(0x0000000028ad0000,0x0000000028bd0000)]
  0x000000001d2ae800 JavaThread "jar transforms Thread 294" [_thread_blocked, id=540, stack(0x00000000289d0000,0x0000000028ad0000)]
  0x000000001d2ad000 JavaThread "jar transforms Thread 293" [_thread_blocked, id=14300, stack(0x00000000288d0000,0x00000000289d0000)]
  0x000000002090a000 JavaThread "jar transforms Thread 292" [_thread_blocked, id=9300, stack(0x00000000287d0000,0x00000000288d0000)]
  0x0000000020908800 JavaThread "jar transforms Thread 291" [_thread_blocked, id=7144, stack(0x00000000286d0000,0x00000000287d0000)]
  0x0000000020909800 JavaThread "jar transforms Thread 290" [_thread_blocked, id=12540, stack(0x00000000285d0000,0x00000000286d0000)]
  0x0000000020907000 JavaThread "jar transforms Thread 289" [_thread_blocked, id=5944, stack(0x00000000284d0000,0x00000000285d0000)]
  0x0000000020905800 JavaThread "jar transforms Thread 288" [_thread_blocked, id=15224, stack(0x00000000283d0000,0x00000000284d0000)]
  0x00000000208ff800 JavaThread "jar transforms Thread 287" [_thread_blocked, id=21200, stack(0x00000000282d0000,0x00000000283d0000)]
  0x0000000020904000 JavaThread "jar transforms Thread 286" [_thread_blocked, id=10168, stack(0x00000000281d0000,0x00000000282d0000)]
  0x0000000020905000 JavaThread "jar transforms Thread 285" [_thread_blocked, id=19940, stack(0x00000000280d0000,0x00000000281d0000)]
  0x0000000020903800 JavaThread "jar transforms Thread 284" [_thread_blocked, id=16584, stack(0x0000000027fd0000,0x00000000280d0000)]
  0x0000000020906800 JavaThread "jar transforms Thread 283" [_thread_blocked, id=7152, stack(0x0000000027ed0000,0x0000000027fd0000)]
  0x00000000208fc000 JavaThread "jar transforms Thread 282" [_thread_blocked, id=12860, stack(0x0000000027dd0000,0x0000000027ed0000)]
  0x0000000020902800 JavaThread "jar transforms Thread 281" [_thread_blocked, id=6020, stack(0x0000000027cd0000,0x0000000027dd0000)]
  0x0000000020902000 JavaThread "jar transforms Thread 280" [_thread_blocked, id=10392, stack(0x0000000027bd0000,0x0000000027cd0000)]
  0x00000000208fc800 JavaThread "jar transforms Thread 279" [_thread_blocked, id=21292, stack(0x0000000027ad0000,0x0000000027bd0000)]
  0x0000000020901000 JavaThread "jar transforms Thread 278" [_thread_blocked, id=20112, stack(0x00000000279d0000,0x0000000027ad0000)]
  0x00000000208fd800 JavaThread "jar transforms Thread 277" [_thread_blocked, id=7108, stack(0x00000000278d0000,0x00000000279d0000)]
  0x0000000020900800 JavaThread "jar transforms Thread 276" [_thread_blocked, id=8904, stack(0x00000000277d0000,0x00000000278d0000)]
  0x00000000208ff000 JavaThread "jar transforms Thread 275" [_thread_blocked, id=16864, stack(0x00000000276d0000,0x00000000277d0000)]
  0x000000002cbfd000 JavaThread "jar transforms Thread 274" [_thread_blocked, id=3048, stack(0x00000000275d0000,0x00000000276d0000)]
  0x000000002cbff800 JavaThread "jar transforms Thread 273" [_thread_blocked, id=6876, stack(0x00000000274d0000,0x00000000275d0000)]
  0x000000002cbfc800 JavaThread "jar transforms Thread 272" [_thread_blocked, id=12896, stack(0x00000000273d0000,0x00000000274d0000)]
  0x000000002cbfe800 JavaThread "jar transforms Thread 271" [_thread_blocked, id=16908, stack(0x00000000272d0000,0x00000000273d0000)]
  0x000000002cbfb000 JavaThread "jar transforms Thread 270" [_thread_blocked, id=11540, stack(0x00000000271d0000,0x00000000272d0000)]
  0x000000002cc00000 JavaThread "jar transforms Thread 269" [_thread_blocked, id=2448, stack(0x00000000270d0000,0x00000000271d0000)]
  0x000000002cbf8800 JavaThread "jar transforms Thread 268" [_thread_blocked, id=9200, stack(0x0000000026fd0000,0x00000000270d0000)]
  0x000000002cbf9800 JavaThread "jar transforms Thread 267" [_thread_blocked, id=10476, stack(0x0000000026ed0000,0x0000000026fd0000)]
  0x000000002cbfe000 JavaThread "jar transforms Thread 266" [_thread_blocked, id=17464, stack(0x0000000026dd0000,0x0000000026ed0000)]
  0x000000002cbfa000 JavaThread "jar transforms Thread 265" [_thread_blocked, id=16512, stack(0x0000000026cd0000,0x0000000026dd0000)]
  0x000000002cbfb800 JavaThread "jar transforms Thread 264" [_thread_blocked, id=14052, stack(0x0000000026bd0000,0x0000000026cd0000)]
  0x000000002cbf5800 JavaThread "jar transforms Thread 263" [_thread_blocked, id=15604, stack(0x0000000026ad0000,0x0000000026bd0000)]
  0x000000002cbf7000 JavaThread "jar transforms Thread 262" [_thread_blocked, id=9832, stack(0x00000000269d0000,0x0000000026ad0000)]
  0x000000002cbf5000 JavaThread "jar transforms Thread 261" [_thread_blocked, id=12836, stack(0x00000000268d0000,0x00000000269d0000)]
  0x000000002cbf8000 JavaThread "jar transforms Thread 260" [_thread_blocked, id=19120, stack(0x00000000267d0000,0x00000000268d0000)]
  0x000000002cbec800 JavaThread "jar transforms Thread 259" [_thread_blocked, id=21204, stack(0x00000000266d0000,0x00000000267d0000)]
  0x000000002cbf3800 JavaThread "jar transforms Thread 258" [_thread_blocked, id=7588, stack(0x00000000265d0000,0x00000000266d0000)]
  0x000000002cbf2800 JavaThread "jar transforms Thread 257" [_thread_blocked, id=17664, stack(0x00000000264d0000,0x00000000265d0000)]
  0x000000002cbf0800 JavaThread "jar transforms Thread 256" [_thread_blocked, id=15624, stack(0x00000000263d0000,0x00000000264d0000)]
  0x000000002cbef000 JavaThread "jar transforms Thread 255" [_thread_blocked, id=21196, stack(0x00000000262d0000,0x00000000263d0000)]
  0x000000002cbee000 JavaThread "jar transforms Thread 254" [_thread_blocked, id=1216, stack(0x00000000261d0000,0x00000000262d0000)]
  0x000000002cbe4800 JavaThread "jar transforms Thread 253" [_thread_blocked, id=12348, stack(0x00000000260d0000,0x00000000261d0000)]
  0x000000002cbe7800 JavaThread "jar transforms Thread 252" [_thread_blocked, id=1288, stack(0x0000000025fd0000,0x00000000260d0000)]
  0x000000002cbeb000 JavaThread "jar transforms Thread 251" [_thread_blocked, id=13944, stack(0x0000000025ed0000,0x0000000025fd0000)]
  0x000000002cbe6800 JavaThread "jar transforms Thread 250" [_thread_blocked, id=17656, stack(0x0000000025dd0000,0x0000000025ed0000)]
  0x000000002cbe3000 JavaThread "jar transforms Thread 249" [_thread_blocked, id=11180, stack(0x0000000025cd0000,0x0000000025dd0000)]
  0x000000002cbe6000 JavaThread "jar transforms Thread 248" [_thread_blocked, id=12460, stack(0x0000000025bd0000,0x0000000025cd0000)]
  0x000000002cbe5000 JavaThread "jar transforms Thread 247" [_thread_blocked, id=11376, stack(0x0000000025ad0000,0x0000000025bd0000)]
  0x000000002cbe2000 JavaThread "jar transforms Thread 246" [_thread_blocked, id=19936, stack(0x00000000259d0000,0x0000000025ad0000)]
  0x000000002cbe1800 JavaThread "jar transforms Thread 245" [_thread_blocked, id=13996, stack(0x00000000258d0000,0x00000000259d0000)]
  0x000000002bfef800 JavaThread "jar transforms Thread 244" [_thread_blocked, id=2848, stack(0x00000000257d0000,0x00000000258d0000)]
  0x000000002bfee800 JavaThread "jar transforms Thread 243" [_thread_blocked, id=11312, stack(0x00000000256d0000,0x00000000257d0000)]
  0x000000002bff0000 JavaThread "jar transforms Thread 242" [_thread_blocked, id=18692, stack(0x00000000255d0000,0x00000000256d0000)]
  0x000000002bfe8800 JavaThread "jar transforms Thread 241" [_thread_blocked, id=14756, stack(0x00000000254d0000,0x00000000255d0000)]
  0x000000002bfe7000 JavaThread "jar transforms Thread 240" [_thread_blocked, id=13908, stack(0x00000000253d0000,0x00000000254d0000)]
  0x000000002bfee000 JavaThread "jar transforms Thread 239" [_thread_blocked, id=19680, stack(0x00000000252d0000,0x00000000253d0000)]
  0x000000002bfe8000 JavaThread "jar transforms Thread 238" [_thread_blocked, id=19784, stack(0x00000000251d0000,0x00000000252d0000)]
  0x000000002bfe6800 JavaThread "jar transforms Thread 237" [_thread_blocked, id=14032, stack(0x00000000250d0000,0x00000000251d0000)]
  0x000000002bfec800 JavaThread "jar transforms Thread 236" [_thread_blocked, id=2576, stack(0x0000000024fd0000,0x00000000250d0000)]
  0x000000002bfe9800 JavaThread "jar transforms Thread 235" [_thread_blocked, id=15244, stack(0x0000000024ed0000,0x0000000024fd0000)]
  0x000000002bfea000 JavaThread "jar transforms Thread 234" [_thread_blocked, id=13436, stack(0x0000000024dd0000,0x0000000024ed0000)]
  0x000000002bfeb800 JavaThread "jar transforms Thread 233" [_thread_blocked, id=1296, stack(0x0000000024cd0000,0x0000000024dd0000)]
  0x000000002bfed000 JavaThread "jar transforms Thread 232" [_thread_blocked, id=14408, stack(0x0000000024bd0000,0x0000000024cd0000)]
  0x000000002bfeb000 JavaThread "jar transforms Thread 231" [_thread_blocked, id=20960, stack(0x0000000024ad0000,0x0000000024bd0000)]
  0x000000002bfdf000 JavaThread "jar transforms Thread 230" [_thread_blocked, id=10224, stack(0x00000000249d0000,0x0000000024ad0000)]
  0x000000002bfe5800 JavaThread "jar transforms Thread 229" [_thread_blocked, id=11216, stack(0x00000000248d0000,0x00000000249d0000)]
  0x000000002bfd8000 JavaThread "Daemon worker Thread 3" [_thread_blocked, id=8980, stack(0x000000001e3b0000,0x000000001e4b0000)]
  0x000000002bfd3000 JavaThread "Daemon Thread 3" [_thread_blocked, id=15772, stack(0x0000000000dc0000,0x0000000000ec0000)]
  0x000000002bfd7800 JavaThread "RMI TCP Connection(idle)" daemon [_thread_blocked, id=7876, stack(0x0000000000c50000,0x0000000000d50000)]
  0x000000002bfd6800 JavaThread "RMI TCP Connection(idle)" daemon [_thread_blocked, id=16572, stack(0x0000000000b50000,0x0000000000c50000)]
  0x000000002cbef800 JavaThread "Cache worker for Java compile cache (C:\Users\Briliantino\.gradle\caches\6.5\javaCompile)" [_thread_blocked, id=20360, stack(0x0000000033750000,0x0000000033850000)]
  0x000000002cbf2000 JavaThread "RMI Reaper" [_thread_blocked, id=8580, stack(0x0000000032f50000,0x0000000033050000)]
  0x000000002cbe3800 JavaThread "RMI TCP Accept-0" daemon [_thread_in_native, id=20712, stack(0x00000000327f0000,0x00000000328f0000)]
  0x000000002cbea800 JavaThread "GC Daemon" daemon [_thread_blocked, id=18572, stack(0x00000000322e0000,0x00000000323e0000)]
  0x000000002cbe9000 JavaThread "RMI Scheduler(0)" daemon [_thread_blocked, id=16804, stack(0x0000000030e60000,0x0000000030f60000)]
  0x0000000020a9c000 JavaThread "Memory manager" [_thread_blocked, id=20036, stack(0x000000002e160000,0x000000002e260000)]
  0x000000001cf75800 JavaThread "Cache worker for file content cache (C:\Users\Briliantino\.gradle\caches\6.5\fileContent)" [_thread_blocked, id=8916, stack(0x00000000235d0000,0x00000000236d0000)]
  0x000000001cf72800 JavaThread "Cache worker for execution history cache (C:\Users\Briliantino\.gradle\caches\6.5\executionHistory)" [_thread_blocked, id=19612, stack(0x0000000022dd0000,0x0000000022ed0000)]
  0x000000001cf6e800 JavaThread "Cache worker for file hash cache (C:\Users\Briliantino\.gradle\caches\6.5\fileHashes)" [_thread_blocked, id=15188, stack(0x000000001f1b0000,0x000000001f2b0000)]
  0x000000001d0aa800 JavaThread "File lock request listener" [_thread_in_native, id=17828, stack(0x000000001f0b0000,0x000000001f1b0000)]
  0x000000001ceb6000 JavaThread "Cache worker for journal cache (C:\Users\Briliantino\.gradle\caches\journal-1)" [_thread_blocked, id=1488, stack(0x000000001efb0000,0x000000001f0b0000)]
  0x000000001cd6c800 JavaThread "Daemon periodic checks" [_thread_blocked, id=7140, stack(0x000000001e2b0000,0x000000001e3b0000)]
  0x000000001cd67000 JavaThread "Incoming local TCP Connector on port 63646" [_thread_in_native, id=10376, stack(0x000000001e070000,0x000000001e170000)]
  0x000000001ccfc000 JavaThread "Daemon health stats" [_thread_blocked, id=16956, stack(0x000000001da30000,0x000000001db30000)]
  0x000000001944f800 JavaThread "Service Thread" daemon [_thread_blocked, id=2268, stack(0x000000001ae90000,0x000000001af90000)]
  0x0000000019447000 JavaThread "C1 CompilerThread3" daemon [_thread_in_native, id=18980, stack(0x000000001ad90000,0x000000001ae90000)]
  0x0000000019442800 JavaThread "C2 CompilerThread2" daemon [_thread_in_native, id=12744, stack(0x000000001ac90000,0x000000001ad90000)]
=>0x000000001943e000 JavaThread "C2 CompilerThread1" daemon [_thread_in_native, id=3944, stack(0x000000001ab90000,0x000000001ac90000)]
  0x0000000019439000 JavaThread "C2 CompilerThread0" daemon [_thread_in_native, id=20568, stack(0x000000001aa90000,0x000000001ab90000)]
  0x0000000019432800 JavaThread "Attach Listener" daemon [_thread_blocked, id=20392, stack(0x000000001a990000,0x000000001aa90000)]
  0x0000000019438000 JavaThread "Signal Dispatcher" daemon [_thread_blocked, id=11328, stack(0x000000001a890000,0x000000001a990000)]
  0x0000000002adc000 JavaThread "Finalizer" daemon [_thread_blocked, id=3240, stack(0x000000001a690000,0x000000001a790000)]
  0x0000000017d4c800 JavaThread "Reference Handler" daemon [_thread_blocked, id=15924, stack(0x000000001a590000,0x000000001a690000)]
  0x00000000029e2800 JavaThread "main" [_thread_blocked, id=2548, stack(0x00000000028e0000,0x00000000029e0000)]

Other Threads:
  0x0000000017d46000 VMThread [stack: 0x000000001a490000,0x000000001a590000] [id=6288]
  0x00000000194cd800 WatcherThread [stack: 0x000000001af90000,0x000000001b090000] [id=19016]

VM state:not at safepoint (normal execution)

VM Mutex/Monitor currently owned by a thread:  ([mutex/lock_event])
[0x00000000029e1fd0] CompileTaskAlloc_lock - owner thread: 0x0000000000000000

OutOfMemory and StackOverflow Exception counts:
OutOfMemoryError java_heap_errors=1

heap address: 0x0000000080000000, size: 2048 MB, Compressed Oops mode: 32-bit
Narrow klass base: 0x0000000000000000, Narrow klass shift: 3
Compressed class space size: 1073741824 Address: 0x0000000100000000

Heap:
 PSYoungGen      total 443392K, used 393169K [0x00000000d5580000, 0x00000000f6c00000, 0x0000000100000000)
  eden space 379392K, 96% used [0x00000000d5580000,0x00000000ebad1be0,0x00000000ec800000)
  from space 64000K, 42% used [0x00000000ec800000,0x00000000ee2a2890,0x00000000f0680000)
  to   space 60928K, 0% used [0x00000000f3080000,0x00000000f3080000,0x00000000f6c00000)
 ParOldGen       total 343040K, used 87075K [0x0000000080000000, 0x0000000094f00000, 0x00000000d5580000)
  object space 343040K, 25% used [0x0000000080000000,0x0000000085508c88,0x0000000094f00000)
 Metaspace       used 116250K, capacity 124222K, committed 124312K, reserved 1157120K
  class space    used 15033K, capacity 16559K, committed 16560K, reserved 1048576K

Card table byte_map: [0x0000000011ea0000,0x00000000122b0000] byte_map_base: 0x0000000011aa0000

Marking Bits: (ParMarkBitMap*) 0x0000000054e4f030
 Begin Bits: [0x0000000012f60000, 0x0000000014f60000)
 End Bits:   [0x0000000014f60000, 0x0000000016f60000)

Polling page: 0x0000000000a40000

CodeCache: size=245760Kb used=58629Kb max_used=58644Kb free=187130Kb
 bounds [0x0000000002ae0000, 0x0000000006470000, 0x0000000011ae0000]
 total_blobs=18883 nmethods=17940 adapters=854
 compilation: enabled

Compilation events (10 events):
Event: 375.081 Thread 0x0000000019447000 22444       3       com.sun.xml.internal.stream.util.BufferAllocator::getCharBuffer (59 bytes)
Event: 375.081 Thread 0x0000000019447000 nmethod 22444 0x0000000006460e50 code [0x0000000006460fc0, 0x0000000006461270]
Event: 375.081 Thread 0x0000000019447000 22445       1       org.gradle.api.internal.provider.AbstractCollectionProperty::access$100 (5 bytes)
Event: 375.081 Thread 0x0000000019447000 nmethod 22445 0x0000000006460b90 code [0x0000000006460ce0, 0x0000000006460dd0]
Event: 375.081 Thread 0x0000000019447000 22446       1       org.gradle.api.internal.provider.AbstractCollectionProperty::access$200 (5 bytes)
Event: 375.081 Thread 0x0000000019447000 nmethod 22446 0x00000000064608d0 code [0x0000000006460a20, 0x0000000006460b10]
Event: 375.084 Thread 0x0000000019442800 nmethod 22414 0x000000000646c1d0 code [0x000000000646c4a0, 0x000000000646dcc0]
Event: 375.084 Thread 0x0000000019442800 22418       4       com.google.common.collect.ImmutableSortedMap$Builder::build (229 bytes)
Event: 375.098 Thread 0x0000000019447000 22447       3       org.gradle.internal.snapshot.impl.BooleanValueSnapshot::equals (6 bytes)
Event: 375.098 Thread 0x0000000019447000 nmethod 22447 0x0000000006460550 code [0x00000000064606c0, 0x0000000006460848]

GC Heap History (10 events):
Event: 30.931 GC heap before
{Heap before GC invocations=21 (full 4):
 PSYoungGen      total 338432K, used 52308K [0x00000000d5580000, 0x00000000f1700000, 0x0000000100000000)
  eden space 281600K, 0% used [0x00000000d5580000,0x00000000d5580000,0x00000000e6880000)
  from space 56832K, 92% used [0x00000000e6880000,0x00000000e9b95208,0x00000000ea000000)
  to   space 64000K, 0% used [0x00000000ed880000,0x00000000ed880000,0x00000000f1700000)
 ParOldGen       total 224768K, used 82945K [0x0000000080000000, 0x000000008db80000, 0x00000000d5580000)
  object space 224768K, 36% used [0x0000000080000000,0x0000000085100480,0x000000008db80000)
 Metaspace       used 94545K, capacity 98492K, committed 98600K, reserved 1134592K
  class space    used 12152K, capacity 12965K, committed 12976K, reserved 1048576K
Event: 31.087 GC heap after
Heap after GC invocations=21 (full 4):
 PSYoungGen      total 338432K, used 0K [0x00000000d5580000, 0x00000000f1700000, 0x0000000100000000)
  eden space 281600K, 0% used [0x00000000d5580000,0x00000000d5580000,0x00000000e6880000)
  from space 56832K, 0% used [0x00000000e6880000,0x00000000e6880000,0x00000000ea000000)
  to   space 64000K, 0% used [0x00000000ed880000,0x00000000ed880000,0x00000000f1700000)
 ParOldGen       total 343040K, used 87043K [0x0000000080000000, 0x0000000094f00000, 0x00000000d5580000)
  object space 343040K, 25% used [0x0000000080000000,0x0000000085500c88,0x0000000094f00000)
 Metaspace       used 94415K, capacity 98108K, committed 98600K, reserved 1134592K
  class space    used 12112K, capacity 12895K, committed 12976K, reserved 1048576K
}
Event: 40.143 GC heap before
{Heap before GC invocations=22 (full 4):
 PSYoungGen      total 338432K, used 281600K [0x00000000d5580000, 0x00000000f1700000, 0x0000000100000000)
  eden space 281600K, 100% used [0x00000000d5580000,0x00000000e6880000,0x00000000e6880000)
  from space 56832K, 0% used [0x00000000e6880000,0x00000000e6880000,0x00000000ea000000)
  to   space 64000K, 0% used [0x00000000ed880000,0x00000000ed880000,0x00000000f1700000)
 ParOldGen       total 343040K, used 87043K [0x0000000080000000, 0x0000000094f00000, 0x00000000d5580000)
  object space 343040K, 25% used [0x0000000080000000,0x0000000085500c88,0x0000000094f00000)
 Metaspace       used 98670K, capacity 102544K, committed 102936K, reserved 1138688K
  class space    used 12502K, capacity 13308K, committed 13360K, reserved 1048576K
Event: 40.159 GC heap after
Heap after GC invocations=22 (full 4):
 PSYoungGen      total 386048K, used 25516K [0x00000000d5580000, 0x00000000f0e80000, 0x0000000100000000)
  eden space 330752K, 0% used [0x00000000d5580000,0x00000000d5580000,0x00000000e9880000)
  from space 55296K, 46% used [0x00000000ed880000,0x00000000ef16b0a0,0x00000000f0e80000)
  to   space 60416K, 0% used [0x00000000e9880000,0x00000000e9880000,0x00000000ed380000)
 ParOldGen       total 343040K, used 87051K [0x0000000080000000, 0x0000000094f00000, 0x00000000d5580000)
  object space 343040K, 25% used [0x0000000080000000,0x0000000085502c88,0x0000000094f00000)
 Metaspace       used 98670K, capacity 102544K, committed 102936K, reserved 1138688K
  class space    used 12502K, capacity 13308K, committed 13360K, reserved 1048576K
}
Event: 41.208 GC heap before
{Heap before GC invocations=23 (full 4):
 PSYoungGen      total 386048K, used 356268K [0x00000000d5580000, 0x00000000f0e80000, 0x0000000100000000)
  eden space 330752K, 100% used [0x00000000d5580000,0x00000000e9880000,0x00000000e9880000)
  from space 55296K, 46% used [0x00000000ed880000,0x00000000ef16b0a0,0x00000000f0e80000)
  to   space 60416K, 0% used [0x00000000e9880000,0x00000000e9880000,0x00000000ed380000)
 ParOldGen       total 343040K, used 87051K [0x0000000080000000, 0x0000000094f00000, 0x00000000d5580000)
  object space 343040K, 25% used [0x0000000080000000,0x0000000085502c88,0x0000000094f00000)
 Metaspace       used 109324K, capacity 116380K, committed 116632K, reserved 1150976K
  class space    used 14388K, capacity 15760K, committed 15792K, reserved 1048576K
Event: 41.228 GC heap after
Heap after GC invocations=23 (full 4):
 PSYoungGen      total 391168K, used 48297K [0x00000000d5580000, 0x00000000f5000000, 0x0000000100000000)
  eden space 330752K, 0% used [0x00000000d5580000,0x00000000d5580000,0x00000000e9880000)
  from space 60416K, 79% used [0x00000000e9880000,0x00000000ec7aa4d0,0x00000000ed380000)
  to   space 65024K, 0% used [0x00000000f1080000,0x00000000f1080000,0x00000000f5000000)
 ParOldGen       total 343040K, used 87059K [0x0000000080000000, 0x0000000094f00000, 0x00000000d5580000)
  object space 343040K, 25% used [0x0000000080000000,0x0000000085504c88,0x0000000094f00000)
 Metaspace       used 109324K, capacity 116380K, committed 116632K, reserved 1150976K
  class space    used 14388K, capacity 15760K, committed 15792K, reserved 1048576K
}
Event: 214.560 GC heap before
{Heap before GC invocations=24 (full 4):
 PSYoungGen      total 391168K, used 379049K [0x00000000d5580000, 0x00000000f5000000, 0x0000000100000000)
  eden space 330752K, 100% used [0x00000000d5580000,0x00000000e9880000,0x00000000e9880000)
  from space 60416K, 79% used [0x00000000e9880000,0x00000000ec7aa4d0,0x00000000ed380000)
  to   space 65024K, 0% used [0x00000000f1080000,0x00000000f1080000,0x00000000f5000000)
 ParOldGen       total 343040K, used 87059K [0x0000000080000000, 0x0000000094f00000, 0x00000000d5580000)
  object space 343040K, 25% used [0x0000000080000000,0x0000000085504c88,0x0000000094f00000)
 Metaspace       used 115036K, capacity 122600K, committed 122776K, reserved 1155072K
  class space    used 14945K, capacity 16444K, committed 16560K, reserved 1048576K
Event: 214.574 GC heap after
Heap after GC invocations=24 (full 4):
 PSYoungGen      total 433152K, used 35334K [0x00000000d5580000, 0x00000000f4500000, 0x0000000100000000)
  eden space 379392K, 0% used [0x00000000d5580000,0x00000000d5580000,0x00000000ec800000)
  from space 53760K, 65% used [0x00000000f1080000,0x00000000f3301a68,0x00000000f4500000)
  to   space 64000K, 0% used [0x00000000ec800000,0x00000000ec800000,0x00000000f0680000)
 ParOldGen       total 343040K, used 87067K [0x0000000080000000, 0x0000000094f00000, 0x00000000d5580000)
  object space 343040K, 25% used [0x0000000080000000,0x0000000085506c88,0x0000000094f00000)
 Metaspace       used 115036K, capacity 122600K, committed 122776K, reserved 1155072K
  class space    used 14945K, capacity 16444K, committed 16560K, reserved 1048576K
}
Event: 352.547 GC heap before
{Heap before GC invocations=25 (full 4):
 PSYoungGen      total 433152K, used 414726K [0x00000000d5580000, 0x00000000f4500000, 0x0000000100000000)
  eden space 379392K, 100% used [0x00000000d5580000,0x00000000ec800000,0x00000000ec800000)
  from space 53760K, 65% used [0x00000000f1080000,0x00000000f3301a68,0x00000000f4500000)
  to   space 64000K, 0% used [0x00000000ec800000,0x00000000ec800000,0x00000000f0680000)
 ParOldGen       total 343040K, used 87067K [0x0000000080000000, 0x0000000094f00000, 0x00000000d5580000)
  object space 343040K, 25% used [0x0000000080000000,0x0000000085506c88,0x0000000094f00000)
 Metaspace       used 115452K, capacity 123056K, committed 123288K, reserved 1157120K
  class space    used 14959K, capacity 16464K, committed 16560K, reserved 1048576K
Event: 352.560 GC heap after
Heap after GC invocations=25 (full 4):
 PSYoungGen      total 443392K, used 27274K [0x00000000d5580000, 0x00000000f6c00000, 0x0000000100000000)
  eden space 379392K, 0% used [0x00000000d5580000,0x00000000d5580000,0x00000000ec800000)
  from space 64000K, 42% used [0x00000000ec800000,0x00000000ee2a2890,0x00000000f0680000)
  to   space 60928K, 0% used [0x00000000f3080000,0x00000000f3080000,0x00000000f6c00000)
 ParOldGen       total 343040K, used 87075K [0x0000000080000000, 0x0000000094f00000, 0x00000000d5580000)
  object space 343040K, 25% used [0x0000000080000000,0x0000000085508c88,0x0000000094f00000)
 Metaspace       used 115452K, capacity 123056K, committed 123288K, reserved 1157120K
  class space    used 14959K, capacity 16464K, committed 16560K, reserved 1048576K
}

Deoptimization events (10 events):
Event: 353.763 Thread 0x000000002bfd8000 Uncommon trap: reason=class_check action=maybe_recompile pc=0x0000000002c49820 method=java.lang.String.equals(Ljava/lang/Object;)Z @ 8
Event: 353.763 Thread 0x000000002bfd8000 Uncommon trap: reason=class_check action=maybe_recompile pc=0x0000000002c49820 method=java.lang.String.equals(Ljava/lang/Object;)Z @ 8
Event: 353.763 Thread 0x000000002bfd8000 Uncommon trap: reason=class_check action=maybe_recompile pc=0x0000000002c49820 method=java.lang.String.equals(Ljava/lang/Object;)Z @ 8
Event: 353.763 Thread 0x000000002bfd8000 Uncommon trap: reason=class_check action=maybe_recompile pc=0x0000000002c49820 method=java.lang.String.equals(Ljava/lang/Object;)Z @ 8
Event: 353.766 Thread 0x000000002bfd8000 Uncommon trap: reason=bimorphic action=maybe_recompile pc=0x00000000060383f8 method=com.google.common.cache.LocalCache$Segment.get(Ljava/lang/Object;I)Ljava/lang/Object; @ 44
Event: 353.766 Thread 0x000000002bfd8000 Uncommon trap: reason=class_check action=maybe_recompile pc=0x0000000004d65014 method=com.google.common.cache.LocalCache$Segment.put(Ljava/lang/Object;ILjava/lang/Object;Z)Ljava/lang/Object; @ 75
Event: 353.766 Thread 0x000000002bfd8000 Uncommon trap: reason=bimorphic action=maybe_recompile pc=0x00000000060383f8 method=com.google.common.cache.LocalCache$Segment.get(Ljava/lang/Object;I)Ljava/lang/Object; @ 44
Event: 353.767 Thread 0x000000002bfd8000 Uncommon trap: reason=unstable_if action=reinterpret pc=0x0000000005006144 method=java.io.ObjectOutputStream$BlockDataOutputStream.write([BIIZ)V @ 49
Event: 353.826 Thread 0x000000002bfd6000 Uncommon trap: reason=unstable_if action=reinterpret pc=0x0000000004187908 method=com.esotericsoftware.kryo.io.Input.require(I)I @ 180
Event: 374.789 Thread 0x000000002bfd8000 Uncommon trap: reason=bimorphic action=maybe_recompile pc=0x0000000004aaf434 method=com.google.common.cache.LocalCache$Segment.getLiveValue(Lcom/google/common/cache/ReferenceEntry;J)Ljava/lang/Object; @ 21

Classes redefined (0 events):
No events

Internal exceptions (10 events):
Event: 353.811 Thread 0x000000002bfd3000 Exception <a 'java/lang/NoSuchMethodError': <clinit>> (0x00000000e52a4eb8) thrown at [C:\src\AOSP-openjdk-git\hotspot\src\share\vm\prims\jni.cpp, line 1615]
Event: 353.811 Thread 0x000000002bfd3000 Exception <a 'java/lang/NoSuchMethodError': <clinit>> (0x00000000e52b4848) thrown at [C:\src\AOSP-openjdk-git\hotspot\src\share\vm\prims\jni.cpp, line 1615]
Event: 353.811 Thread 0x000000002bfd3000 Exception <a 'java/lang/NoSuchMethodError': <clinit>> (0x00000000e52b6d70) thrown at [C:\src\AOSP-openjdk-git\hotspot\src\share\vm\prims\jni.cpp, line 1615]
Event: 353.811 Thread 0x000000002bfd3000 Exception <a 'java/lang/NoSuchMethodError': <clinit>> (0x00000000e52c6ed0) thrown at [C:\src\AOSP-openjdk-git\hotspot\src\share\vm\prims\jni.cpp, line 1615]
Event: 353.812 Thread 0x000000002bfd3000 Exception <a 'java/lang/NoSuchMethodError': <clinit>> (0x00000000e52d2290) thrown at [C:\src\AOSP-openjdk-git\hotspot\src\share\vm\prims\jni.cpp, line 1615]
Event: 353.813 Thread 0x000000002bfd3000 Exception <a 'java/lang/NoSuchMethodError': <clinit>> (0x00000000e52e5228) thrown at [C:\src\AOSP-openjdk-git\hotspot\src\share\vm\prims\jni.cpp, line 1615]
Event: 353.814 Thread 0x000000002bfd3000 Exception <a 'java/lang/NoSuchMethodError': <clinit>> (0x00000000e52feab0) thrown at [C:\src\AOSP-openjdk-git\hotspot\src\share\vm\prims\jni.cpp, line 1615]
Event: 353.814 Thread 0x000000002bfd3000 Exception <a 'java/lang/NoSuchMethodError': <clinit>> (0x00000000e530f798) thrown at [C:\src\AOSP-openjdk-git\hotspot\src\share\vm\prims\jni.cpp, line 1615]
Event: 374.861 Thread 0x000000002bfd8000 Exception <a 'sun/nio/fs/WindowsException'> (0x00000000e6a66330) thrown at [C:\src\AOSP-openjdk-git\hotspot\src\share\vm\prims\jni.cpp, line 710]
Event: 374.924 Thread 0x000000002bfd8000 Exception <a 'sun/nio/fs/WindowsException'> (0x00000000e77e8c28) thrown at [C:\src\AOSP-openjdk-git\hotspot\src\share\vm\prims\jni.cpp, line 710]

Events (10 events):
Event: 374.979 Thread 0x0000000019447000 flushing nmethod 0x0000000004674ed0
Event: 374.981 Thread 0x000000001943e000 flushing nmethod 0x0000000004a64f50
Event: 374.983 Thread 0x0000000019447000 flushing nmethod 0x0000000004f327d0
Event: 374.984 Thread 0x0000000019447000 flushing nmethod 0x0000000005132350
Event: 375.027 Executing VM operation: RevokeBias
Event: 375.028 Executing VM operation: RevokeBias done
Event: 375.028 Executing VM operation: RevokeBias
Event: 375.028 Executing VM operation: RevokeBias done
Event: 375.028 Executing VM operation: RevokeBias
Event: 375.028 Executing VM operation: RevokeBias done


Dynamic libraries:
0x00007ff652520000 - 0x00007ff652551000 	C:\Program Files\Android\Android Studio\jre\bin\java.exe
0x00007ffa6ab70000 - 0x00007ffa6ad65000 	C:\WINDOWS\SYSTEM32\ntdll.dll
0x00007ffa68de0000 - 0x00007ffa68e9d000 	C:\WINDOWS\System32\KERNEL32.DLL
0x00007ffa688a0000 - 0x00007ffa68b68000 	C:\WINDOWS\System32\KERNELBASE.dll
0x00007ffa6a940000 - 0x00007ffa6a9ec000 	C:\WINDOWS\System32\ADVAPI32.dll
0x00007ffa68ce0000 - 0x00007ffa68d7e000 	C:\WINDOWS\System32\msvcrt.dll
0x00007ffa69170000 - 0x00007ffa6920b000 	C:\WINDOWS\System32\sechost.dll
0x00007ffa6a9f0000 - 0x00007ffa6ab1b000 	C:\WINDOWS\System32\RPCRT4.dll
0x00007ffa692b0000 - 0x00007ffa69450000 	C:\WINDOWS\System32\USER32.dll
0x00007ffa68630000 - 0x00007ffa68652000 	C:\WINDOWS\System32\win32u.dll
0x00007ffa69940000 - 0x00007ffa6996a000 	C:\WINDOWS\System32\GDI32.dll
0x00007ffa68520000 - 0x00007ffa6862b000 	C:\WINDOWS\System32\gdi32full.dll
0x00007ffa68480000 - 0x00007ffa6851d000 	C:\WINDOWS\System32\msvcp_win.dll
0x00007ffa68380000 - 0x00007ffa68480000 	C:\WINDOWS\System32\ucrtbase.dll
0x00007ffa676d0000 - 0x00007ffa6796a000 	C:\WINDOWS\WinSxS\amd64_microsoft.windows.common-controls_6595b64144ccf1df_6.0.19041.844_none_ca00b6081b84eb1d\COMCTL32.dll
0x00007ffa69210000 - 0x00007ffa69240000 	C:\WINDOWS\System32\IMM32.DLL
0x00000000544c0000 - 0x0000000054592000 	C:\Program Files\Android\Android Studio\jre\jre\bin\msvcr100.dll
0x0000000054680000 - 0x0000000054ecb000 	C:\Program Files\Android\Android Studio\jre\jre\bin\server\jvm.dll
0x00007ffa69970000 - 0x00007ffa69978000 	C:\WINDOWS\System32\PSAPI.DLL
0x00007ffa448d0000 - 0x00007ffa448d9000 	C:\WINDOWS\SYSTEM32\WSOCK32.dll
0x00007ffa4bde0000 - 0x00007ffa4be07000 	C:\WINDOWS\SYSTEM32\WINMM.dll
0x00007ffa60920000 - 0x00007ffa6092a000 	C:\WINDOWS\SYSTEM32\VERSION.dll
0x00007ffa69240000 - 0x00007ffa692ab000 	C:\WINDOWS\System32\WS2_32.dll
0x00007ffa61960000 - 0x00007ffa6196f000 	C:\Program Files\Android\Android Studio\jre\jre\bin\verify.dll
0x00007ffa5f240000 - 0x00007ffa5f269000 	C:\Program Files\Android\Android Studio\jre\jre\bin\java.dll
0x00007ffa5f680000 - 0x00007ffa5f696000 	C:\Program Files\Android\Android Studio\jre\jre\bin\zip.dll
0x00007ffa69980000 - 0x00007ffa6a0c2000 	C:\WINDOWS\System32\SHELL32.dll
0x00007ffa65d90000 - 0x00007ffa66520000 	C:\WINDOWS\SYSTEM32\windows.storage.dll
0x00007ffa695d0000 - 0x00007ffa69925000 	C:\WINDOWS\System32\combase.dll
0x00007ffa67630000 - 0x00007ffa6765c000 	C:\WINDOWS\SYSTEM32\Wldp.dll
0x00007ffa68c30000 - 0x00007ffa68cde000 	C:\WINDOWS\System32\SHCORE.dll
0x00007ffa68bd0000 - 0x00007ffa68c25000 	C:\WINDOWS\System32\shlwapi.dll
0x00007ffa681f0000 - 0x00007ffa6820f000 	C:\WINDOWS\SYSTEM32\profapi.dll
0x00007ffa5f220000 - 0x00007ffa5f23a000 	C:\Program Files\Android\Android Studio\jre\jre\bin\net.dll
0x00007ffa67510000 - 0x00007ffa6757a000 	C:\WINDOWS\system32\mswsock.dll
0x00007ffa53350000 - 0x00007ffa53363000 	C:\Program Files\Android\Android Studio\jre\jre\bin\nio.dll
0x00007ffa5f750000 - 0x00007ffa5f777000 	C:\Users\Briliantino\.gradle\native\f6784746aeab05261644944871eae4fe03e0ef1612fff0a4a95f87b438bc6780\windows-amd64\native-platform.dll
0x00007ffa618f0000 - 0x00007ffa618fd000 	C:\Program Files\Android\Android Studio\jre\jre\bin\management.dll
0x00007ffa68040000 - 0x00007ffa68058000 	C:\WINDOWS\SYSTEM32\CRYPTSP.dll
0x00007ffa66d60000 - 0x00007ffa66d94000 	C:\WINDOWS\system32\rsaenh.dll
0x00007ffa68870000 - 0x00007ffa68897000 	C:\WINDOWS\System32\bcrypt.dll
0x00007ffa68170000 - 0x00007ffa6819e000 	C:\WINDOWS\SYSTEM32\USERENV.dll
0x00007ffa682b0000 - 0x00007ffa68330000 	C:\WINDOWS\System32\bcryptprimitives.dll
0x00007ffa675f0000 - 0x00007ffa675fc000 	C:\WINDOWS\SYSTEM32\CRYPTBASE.dll
0x00007ffa67090000 - 0x00007ffa670cb000 	C:\WINDOWS\SYSTEM32\IPHLPAPI.DLL
0x00007ffa6ab20000 - 0x00007ffa6ab28000 	C:\WINDOWS\System32\NSI.dll
0x00007ffa61170000 - 0x00007ffa61187000 	C:\WINDOWS\SYSTEM32\dhcpcsvc6.DLL
0x00007ffa61070000 - 0x00007ffa6108d000 	C:\WINDOWS\SYSTEM32\dhcpcsvc.DLL
0x00007ffa670d0000 - 0x00007ffa6719c000 	C:\WINDOWS\SYSTEM32\DNSAPI.dll
0x00007ffa60610000 - 0x00007ffa6061b000 	C:\WINDOWS\SYSTEM32\WINNSI.DLL
0x00007ffa61930000 - 0x00007ffa6194e000 	C:\Users\Briliantino\AppData\Local\Temp\native-platform7009746177796650056dir\native-platform.dll

VM Arguments:
jvm_args: -Xmx2048m -Dfile.encoding=UTF-8 -Duser.country=ID -Duser.language=en -Duser.variant 
java_command: org.gradle.launcher.daemon.bootstrap.GradleDaemon 6.5
java_class_path (initial): C:\Users\Briliantino\.gradle\wrapper\dists\gradle-6.5-all\2oz4ud9k3tuxjg84bbf55q0tn\gradle-6.5\lib\gradle-launcher-6.5.jar
Launcher Type: SUN_STANDARD

Environment Variables:
JAVA_HOME=C:\Program Files\Java\jdk-13.0.2
PATH=C:\Python39\Scripts\;C:\Python39\;C:\Program Files (x86)\Common Files\Intel\Shared Libraries\redist\intel64\compiler;C:\Program Files (x86)\Common Files\Intel\Shared Files\cpp\bin\Intel64;C:\Program Files (x86)\Common Files\Oracle\Java\javapath;C:\ProgramData\Anaconda3;C:\ProgramData\Anaconda3\Library\mingw-w64\bin;C:\ProgramData\Anaconda3\Library\usr\bin;C:\ProgramData\Anaconda3\Library\bin;C:\ProgramData\Anaconda3\Scripts;C:\windows\system32;C:\windows;C:\windows\System32\Wbem;C:\windows\System32\WindowsPowerShell\v1.0\;C:\windows\System32\OpenSSH\;C:\Program Files (x86)\NVIDIA Corporation\PhysX\Common;C:\Program Files\NVIDIA Corporation\NVIDIA NvDLISR;C:\Program Files\Microsoft VS Code\bin;C:\Program Files\Polyspace\R2019a\runtime\win64;C:\Program Files\Polyspace\R2019a\bin;C:\Program Files\Polyspace\R2019a\polyspace\bin;C:\Program Files\Java\jdk1.8.0_231\bin;C:\WINDOWS\system32;C:\WINDOWS;C:\WINDOWS\System32\Wbem;C:\WINDOWS\System32\WindowsPowerShell\v1.0\;C:\WINDOWS\System32\OpenSSH\;C:\ProgramData\ComposerSetup\bin;C:\Program Files\nodejs\;C:\ProgramData\chocolatey\bin;C:\Program Files\Gradle\gradle-6.6\bin;C:\xampp\php;C:\Users\Briliantino\AppData\Local\Programs\Python\Python38-32\;C:\Users\Briliantino\AppData\Local\Microsoft\WindowsApps;C:\Users\Briliantino\AppData\Roaming\Composer\vendor\bin;C:\Program Files\Java\jdk-13.0.2\bin;C:\Users\Briliantino\AppData\Local\GitHubDesktop\bin;C:\Users\Briliantino\AppData\Roaming\npm;C:\src\flutter\bin;C:\Windows\System32;C:\Program Files\Git\bin\git.exe;C:\Program Files\Git\cmd;;C:\Program Files\JetBrains\IntelliJ IDEA 2020.1.3\bin;
USERNAME=Briliantino
OS=Windows_NT
PROCESSOR_IDENTIFIER=Intel64 Family 6 Model 158 Stepping 10, GenuineIntel



---------------  S Y S T E M  ---------------

OS: Windows 10.0 , 64 bit Build 19041 (10.0.19041.928)

CPU:total 12 (initial active 12) (6 cores per cpu, 2 threads per core) family 6 model 158 stepping 10, cmov, cx8, fxsr, mmx, sse, sse2, sse3, ssse3, sse4.1, sse4.2, popcnt, avx, avx2, aes, clmul, erms, 3dnowpref, lzcnt, ht, tsc, tscinvbit, bmi1, bmi2, adx

Memory: 4k page, physical 16613556k(1924952k free), swap 23298228k(5316k free)

vm_info: OpenJDK 64-Bit Server VM (25.242-b01) for windows-amd64 JRE (1.8.0_242-release-1644-b01), built by "builder" with MS VC++ 10.0 (VS2010)

time: Sat May 22 00:35:35 2021
timezone: SE Asia Standard Time
elapsed time: 375 seconds (0d 0h 6m 15s)

